
> frontend@0.1.0 dev
> next dev

⚠ Warning: Next.js inferred your workspace root, but it may not be correct.
 We detected multiple lockfiles and selected the directory of /Users/alextian/package-lock.json as the root directory.
 To silence this warning, set `turbopack.root` in your Next.js config, or consider removing one of the lockfiles if it's not needed.
   See https://nextjs.org/docs/app/api-reference/config/next-config-js/turbopack#root-directory for more information.
 Detected additional lockfiles: 
   * /Users/alextian/Documents/GitHub/ClawTheater/frontend/package-lock.json

▲ Next.js 16.1.6 (Turbopack)
- Local:         http://localhost:3000
- Network:       http://192.168.200.161:3000
- Environments: .env.local, .env

✓ Starting...
✓ Ready in 480ms
 GET / 200 in 796ms (compile: 440ms, render: 356ms)
prisma:query SELECT `main`.`Novel`.`id`, `main`.`Novel`.`title`, `main`.`Novel`.`description`, `main`.`Novel`.`coverUrl`, `main`.`Novel`.`language`, `main`.`Novel`.`tags`, `main`.`Novel`.`status`, `main`.`Novel`.`gradient`, `main`.`Novel`.`tagline`, `main`.`Novel`.`loreQuote`, `main`.`Novel`.`featured`, `main`.`Novel`.`pricePerChapter`, `main`.`Novel`.`totalRevenue`, `main`.`Novel`.`readCount`, `main`.`Novel`.`createdAt`, `main`.`Novel`.`updatedAt`, `main`.`Novel`.`agentId`, `main`.`Novel`.`loreId`, `main`.`Novel`.`onchainPdaAddress`, `main`.`Novel`.`openForAiLearning`, `main`.`Novel`.`allowParallelUniverses`, `main`.`Novel`.`freeChaptersCount`, `main`.`Novel`.`usedSkillId`, COALESCE(`aggr_selection_0_Chapter`.`_aggr_count_chapters`, 0) AS `_aggr_count_chapters` FROM `main`.`Novel` LEFT JOIN (SELECT `main`.`Chapter`.`novelId`, COUNT(*) AS `_aggr_count_chapters` FROM `main`.`Chapter` WHERE 1=1 GROUP BY `main`.`Chapter`.`novelId`) AS `aggr_selection_0_Chapter` ON (`main`.`Novel`.`id` = `aggr_selection_0_Chapter`.`novelId`) WHERE `main`.`Novel`.`featured` = ? LIMIT ? OFFSET ?
prisma:query SELECT `main`.`Agent`.`id`, `main`.`Agent`.`agentName`, `main`.`Agent`.`description`, `main`.`Agent`.`avatarUrl`, `main`.`Agent`.`apiKey`, `main`.`Agent`.`walletAddress`, `main`.`Agent`.`systemPrompt`, `main`.`Agent`.`reputation`, `main`.`Agent`.`totalEarned`, `main`.`Agent`.`creatorTier`, `main`.`Agent`.`isActive`, `main`.`Agent`.`createdAt`, `main`.`Agent`.`updatedAt` FROM `main`.`Agent` WHERE `main`.`Agent`.`id` IN (?,?,?,?,?,?,?,?,?,?,?) LIMIT ? OFFSET ?
prisma:query SELECT `main`.`Novel`.`id`, `main`.`Novel`.`title`, `main`.`Novel`.`description`, `main`.`Novel`.`coverUrl`, `main`.`Novel`.`language`, `main`.`Novel`.`tags`, `main`.`Novel`.`status`, `main`.`Novel`.`gradient`, `main`.`Novel`.`tagline`, `main`.`Novel`.`loreQuote`, `main`.`Novel`.`featured`, `main`.`Novel`.`pricePerChapter`, `main`.`Novel`.`totalRevenue`, `main`.`Novel`.`readCount`, `main`.`Novel`.`createdAt`, `main`.`Novel`.`updatedAt`, `main`.`Novel`.`agentId`, `main`.`Novel`.`loreId`, `main`.`Novel`.`onchainPdaAddress`, `main`.`Novel`.`openForAiLearning`, `main`.`Novel`.`allowParallelUniverses`, `main`.`Novel`.`freeChaptersCount`, `main`.`Novel`.`usedSkillId`, COALESCE(`aggr_selection_0_Chapter`.`_aggr_count_chapters`, 0) AS `_aggr_count_chapters` FROM `main`.`Novel` LEFT JOIN (SELECT `main`.`Chapter`.`novelId`, COUNT(*) AS `_aggr_count_chapters` FROM `main`.`Chapter` WHERE 1=1 GROUP BY `main`.`Chapter`.`novelId`) AS `aggr_selection_0_Chapter` ON (`main`.`Novel`.`id` = `aggr_selection_0_Chapter`.`novelId`) WHERE `main`.`Novel`.`featured` = ? ORDER BY `main`.`Novel`.`id` ASC LIMIT ? OFFSET ?
prisma:query SELECT `main`.`Agent`.`id`, `main`.`Agent`.`agentName`, `main`.`Agent`.`description`, `main`.`Agent`.`avatarUrl`, `main`.`Agent`.`apiKey`, `main`.`Agent`.`walletAddress`, `main`.`Agent`.`systemPrompt`, `main`.`Agent`.`reputation`, `main`.`Agent`.`totalEarned`, `main`.`Agent`.`creatorTier`, `main`.`Agent`.`isActive`, `main`.`Agent`.`createdAt`, `main`.`Agent`.`updatedAt` FROM `main`.`Agent` WHERE `main`.`Agent`.`id` IN (?,?,?,?,?,?,?,?) LIMIT ? OFFSET ?
prisma:query SELECT `main`.`Bounty`.`id`, `main`.`Bounty`.`title`, `main`.`Bounty`.`description`, `main`.`Bounty`.`prompt`, `main`.`Bounty`.`tags`, `main`.`Bounty`.`language`, `main`.`Bounty`.`status`, `main`.`Bounty`.`totalFunded`, `main`.`Bounty`.`consensusThreshold`, `main`.`Bounty`.`createdAt`, `main`.`Bounty`.`updatedAt`, `main`.`Bounty`.`onchainPdaAddress`, `main`.`Bounty`.`blinksUrl`, `main`.`Bounty`.`novelId`, `main`.`Bounty`.`forkId`, `main`.`Bounty`.`creatorAgentId` FROM `main`.`Bounty` WHERE `main`.`Bounty`.`status` = ? ORDER BY `main`.`Bounty`.`id` ASC LIMIT ? OFFSET ?
prisma:query SELECT COUNT(*) AS `_count$_all` FROM (SELECT `main`.`Novel`.`id` FROM `main`.`Novel` WHERE 1=1 LIMIT ? OFFSET ?) AS `sub`
prisma:query SELECT COUNT(*) AS `_count$_all` FROM (SELECT `main`.`Agent`.`id` FROM `main`.`Agent` WHERE 1=1 LIMIT ? OFFSET ?) AS `sub`
 GET /api/home 200 in 70ms (compile: 53ms, render: 17ms)
 HEAD / 200 in 59ms (compile: 23ms, render: 36ms)
 HEAD / 200 in 31ms (compile: 7ms, render: 24ms)
prisma:query INSERT INTO `main`.`User` (`id`, `email`, `displayName`, `userType`, `walletAddress`, `privyId`, `usdcBalance`, `creatorTier`, `createdAt`, `updatedAt`) VALUES (?,?,?,?,?,?,?,?,?,?) ON CONFLICT  (`privyId`) DO UPDATE SET `email` = ?, `displayName` = ?, `walletAddress` = ?, `updatedAt` = ? WHERE (`main`.`User`.`privyId` = ? AND 1=1) RETURNING `id` AS `id`, `email` AS `email`, `displayName` AS `displayName`, `avatarUrl` AS `avatarUrl`, `userType` AS `userType`, `walletAddress` AS `walletAddress`, `privyId` AS `privyId`, `usdcBalance` AS `usdcBalance`, `creatorTier` AS `creatorTier`, `createdAt` AS `createdAt`, `updatedAt` AS `updatedAt`
 POST /api/auth/sync 200 in 31ms (compile: 25ms, render: 6ms)
Stripe checkout error: Error: Your account cannot currently make live charges.
    at ignore-listed frames {
  type: 'StripeInvalidRequestError',
  raw: [Object],
  rawType: 'invalid_request_error',
  code: undefined,
  doc_url: undefined,
  param: undefined,
  detail: undefined,
  headers: [Object],
  requestId: 'req_xSR501Ta2MRQKx',
  statusCode: 400,
  userMessage: undefined,
  charge: undefined,
  decline_code: undefined,
  payment_intent: undefined,
  payment_method: undefined,
  payment_method_type: undefined,
  setup_intent: undefined,
  source: undefined
}
 POST /api/stripe/tip-checkout 500 in 395ms (compile: 38ms, render: 358ms)
 GET / 200 in 34ms (compile: 19ms, render: 15ms)
 GET /dashboard 200 in 73ms (compile: 59ms, render: 15ms)
prisma:query INSERT INTO `main`.`User` (`id`, `email`, `displayName`, `userType`, `walletAddress`, `privyId`, `usdcBalance`, `creatorTier`, `createdAt`, `updatedAt`) VALUES (?,?,?,?,?,?,?,?,?,?) ON CONFLICT  (`privyId`) DO UPDATE SET `email` = ?, `displayName` = ?, `walletAddress` = ?, `updatedAt` = ? WHERE (`main`.`User`.`privyId` = ? AND 1=1) RETURNING `id` AS `id`, `email` AS `email`, `displayName` AS `displayName`, `avatarUrl` AS `avatarUrl`, `userType` AS `userType`, `walletAddress` AS `walletAddress`, `privyId` AS `privyId`, `usdcBalance` AS `usdcBalance`, `creatorTier` AS `creatorTier`, `createdAt` AS `createdAt`, `updatedAt` AS `updatedAt`
 POST /api/auth/sync 200 in 11ms (compile: 5ms, render: 6ms)
 GET /api/dashboard 200 in 49ms (compile: 44ms, render: 5ms)
prisma:query SELECT COUNT(*) AS `_count$_all` FROM (SELECT `main`.`Novel`.`id` FROM `main`.`Novel` WHERE 1=1 LIMIT ? OFFSET ?) AS `sub`
prisma:query SELECT SUM(`amount`) AS `_sum$amount` FROM (SELECT `main`.`Tip`.`amount` FROM `main`.`Tip` WHERE 1=1 LIMIT ? OFFSET ?) AS `sub`
prisma:query SELECT COUNT(*) AS `_count$_all` FROM (SELECT `main`.`Bounty`.`id` FROM `main`.`Bounty` WHERE 1=1 LIMIT ? OFFSET ?) AS `sub`
prisma:query SELECT COUNT(*) AS `_count$_all` FROM (SELECT `main`.`Agent`.`id` FROM `main`.`Agent` WHERE 1=1 LIMIT ? OFFSET ?) AS `sub`
prisma:query SELECT COUNT(*) AS `_count$_all` FROM (SELECT `main`.`Bounty`.`id` FROM `main`.`Bounty` WHERE 1=1 LIMIT ? OFFSET ?) AS `sub`
prisma:query SELECT COUNT(*) AS `_count$_all` FROM (SELECT `main`.`Novel`.`id` FROM `main`.`Novel` WHERE 1=1 LIMIT ? OFFSET ?) AS `sub`
prisma:query SELECT COUNT(*) AS `_count$_all` FROM (SELECT `main`.`Agent`.`id` FROM `main`.`Agent` WHERE 1=1 LIMIT ? OFFSET ?) AS `sub`
prisma:query SELECT SUM(`amount`) AS `_sum$amount` FROM (SELECT `main`.`Tip`.`amount` FROM `main`.`Tip` WHERE 1=1 LIMIT ? OFFSET ?) AS `sub`
 GET /api/dashboard 200 in 6ms (compile: 1042µs, render: 5ms)
prisma:query INSERT INTO `main`.`User` (`id`, `email`, `displayName`, `userType`, `walletAddress`, `privyId`, `usdcBalance`, `creatorTier`, `createdAt`, `updatedAt`) VALUES (?,?,?,?,?,?,?,?,?,?) ON CONFLICT  (`privyId`) DO UPDATE SET `email` = ?, `displayName` = ?, `updatedAt` = ? WHERE (`main`.`User`.`privyId` = ? AND 1=1) RETURNING `id` AS `id`, `email` AS `email`, `displayName` AS `displayName`, `avatarUrl` AS `avatarUrl`, `userType` AS `userType`, `walletAddress` AS `walletAddress`, `privyId` AS `privyId`, `usdcBalance` AS `usdcBalance`, `creatorTier` AS `creatorTier`, `createdAt` AS `createdAt`, `updatedAt` AS `updatedAt`
 POST /api/auth/sync 200 in 4ms (compile: 898µs, render: 3ms)
prisma:query SELECT 1
prisma:query INSERT INTO `main`.`User` (`id`, `email`, `displayName`, `userType`, `walletAddress`, `privyId`, `usdcBalance`, `creatorTier`, `createdAt`, `updatedAt`) VALUES (?,?,?,?,?,?,?,?,?,?) ON CONFLICT  (`privyId`) DO UPDATE SET `email` = ?, `displayName` = ?, `walletAddress` = ?, `updatedAt` = ? WHERE (`main`.`User`.`privyId` = ? AND 1=1) RETURNING `id` AS `id`, `email` AS `email`, `displayName` AS `displayName`, `avatarUrl` AS `avatarUrl`, `userType` AS `userType`, `walletAddress` AS `walletAddress`, `privyId` AS `privyId`, `usdcBalance` AS `usdcBalance`, `creatorTier` AS `creatorTier`, `createdAt` AS `createdAt`, `updatedAt` AS `updatedAt`
 POST /api/auth/sync 200 in 14ms (compile: 2ms, render: 11ms)
prisma:query SELECT `main`.`Novel`.`id`, `main`.`Novel`.`title`, `main`.`Novel`.`description`, `main`.`Novel`.`coverUrl`, `main`.`Novel`.`language`, `main`.`Novel`.`tags`, `main`.`Novel`.`status`, `main`.`Novel`.`gradient`, `main`.`Novel`.`tagline`, `main`.`Novel`.`loreQuote`, `main`.`Novel`.`featured`, `main`.`Novel`.`pricePerChapter`, `main`.`Novel`.`totalRevenue`, `main`.`Novel`.`readCount`, `main`.`Novel`.`createdAt`, `main`.`Novel`.`updatedAt`, `main`.`Novel`.`agentId`, `main`.`Novel`.`loreId`, `main`.`Novel`.`onchainPdaAddress`, `main`.`Novel`.`openForAiLearning`, `main`.`Novel`.`allowParallelUniverses`, `main`.`Novel`.`freeChaptersCount`, `main`.`Novel`.`usedSkillId`, COALESCE(`aggr_selection_0_Chapter`.`_aggr_count_chapters`, 0) AS `_aggr_count_chapters` FROM `main`.`Novel` LEFT JOIN (SELECT `main`.`Chapter`.`novelId`, COUNT(*) AS `_aggr_count_chapters` FROM `main`.`Chapter` WHERE 1=1 GROUP BY `main`.`Chapter`.`novelId`) AS `aggr_selection_0_Chapter` ON (`main`.`Novel`.`id` = `aggr_selection_0_Chapter`.`novelId`) WHERE `main`.`Novel`.`featured` = ? LIMIT ? OFFSET ?
prisma:query SELECT `main`.`Agent`.`id`, `main`.`Agent`.`agentName`, `main`.`Agent`.`description`, `main`.`Agent`.`avatarUrl`, `main`.`Agent`.`apiKey`, `main`.`Agent`.`walletAddress`, `main`.`Agent`.`systemPrompt`, `main`.`Agent`.`reputation`, `main`.`Agent`.`totalEarned`, `main`.`Agent`.`creatorTier`, `main`.`Agent`.`isActive`, `main`.`Agent`.`createdAt`, `main`.`Agent`.`updatedAt` FROM `main`.`Agent` WHERE `main`.`Agent`.`id` IN (?,?,?,?,?,?,?,?,?,?,?) LIMIT ? OFFSET ?
prisma:query SELECT `main`.`Novel`.`id`, `main`.`Novel`.`title`, `main`.`Novel`.`description`, `main`.`Novel`.`coverUrl`, `main`.`Novel`.`language`, `main`.`Novel`.`tags`, `main`.`Novel`.`status`, `main`.`Novel`.`gradient`, `main`.`Novel`.`tagline`, `main`.`Novel`.`loreQuote`, `main`.`Novel`.`featured`, `main`.`Novel`.`pricePerChapter`, `main`.`Novel`.`totalRevenue`, `main`.`Novel`.`readCount`, `main`.`Novel`.`createdAt`, `main`.`Novel`.`updatedAt`, `main`.`Novel`.`agentId`, `main`.`Novel`.`loreId`, `main`.`Novel`.`onchainPdaAddress`, `main`.`Novel`.`openForAiLearning`, `main`.`Novel`.`allowParallelUniverses`, `main`.`Novel`.`freeChaptersCount`, `main`.`Novel`.`usedSkillId`, COALESCE(`aggr_selection_0_Chapter`.`_aggr_count_chapters`, 0) AS `_aggr_count_chapters` FROM `main`.`Novel` LEFT JOIN (SELECT `main`.`Chapter`.`novelId`, COUNT(*) AS `_aggr_count_chapters` FROM `main`.`Chapter` WHERE 1=1 GROUP BY `main`.`Chapter`.`novelId`) AS `aggr_selection_0_Chapter` ON (`main`.`Novel`.`id` = `aggr_selection_0_Chapter`.`novelId`) WHERE `main`.`Novel`.`featured` = ? ORDER BY `main`.`Novel`.`id` ASC LIMIT ? OFFSET ?
prisma:query SELECT `main`.`Agent`.`id`, `main`.`Agent`.`agentName`, `main`.`Agent`.`description`, `main`.`Agent`.`avatarUrl`, `main`.`Agent`.`apiKey`, `main`.`Agent`.`walletAddress`, `main`.`Agent`.`systemPrompt`, `main`.`Agent`.`reputation`, `main`.`Agent`.`totalEarned`, `main`.`Agent`.`creatorTier`, `main`.`Agent`.`isActive`, `main`.`Agent`.`createdAt`, `main`.`Agent`.`updatedAt` FROM `main`.`Agent` WHERE `main`.`Agent`.`id` IN (?,?,?,?,?,?,?,?) LIMIT ? OFFSET ?
prisma:query SELECT `main`.`Bounty`.`id`, `main`.`Bounty`.`title`, `main`.`Bounty`.`description`, `main`.`Bounty`.`prompt`, `main`.`Bounty`.`tags`, `main`.`Bounty`.`language`, `main`.`Bounty`.`status`, `main`.`Bounty`.`totalFunded`, `main`.`Bounty`.`consensusThreshold`, `main`.`Bounty`.`createdAt`, `main`.`Bounty`.`updatedAt`, `main`.`Bounty`.`onchainPdaAddress`, `main`.`Bounty`.`blinksUrl`, `main`.`Bounty`.`novelId`, `main`.`Bounty`.`forkId`, `main`.`Bounty`.`creatorAgentId` FROM `main`.`Bounty` WHERE `main`.`Bounty`.`status` = ? ORDER BY `main`.`Bounty`.`id` ASC LIMIT ? OFFSET ?
prisma:query SELECT COUNT(*) AS `_count$_all` FROM (SELECT `main`.`Novel`.`id` FROM `main`.`Novel` WHERE 1=1 LIMIT ? OFFSET ?) AS `sub`
prisma:query SELECT COUNT(*) AS `_count$_all` FROM (SELECT `main`.`Agent`.`id` FROM `main`.`Agent` WHERE 1=1 LIMIT ? OFFSET ?) AS `sub`
 GET /api/home 200 in 11ms (compile: 1949µs, render: 9ms)
prisma:query SELECT `main`.`Novel`.`id`, `main`.`Novel`.`title`, `main`.`Novel`.`description`, `main`.`Novel`.`coverUrl`, `main`.`Novel`.`language`, `main`.`Novel`.`tags`, `main`.`Novel`.`status`, `main`.`Novel`.`gradient`, `main`.`Novel`.`tagline`, `main`.`Novel`.`loreQuote`, `main`.`Novel`.`featured`, `main`.`Novel`.`pricePerChapter`, `main`.`Novel`.`totalRevenue`, `main`.`Novel`.`readCount`, `main`.`Novel`.`createdAt`, `main`.`Novel`.`updatedAt`, `main`.`Novel`.`agentId`, `main`.`Novel`.`loreId`, `main`.`Novel`.`onchainPdaAddress`, `main`.`Novel`.`openForAiLearning`, `main`.`Novel`.`allowParallelUniverses`, `main`.`Novel`.`freeChaptersCount`, `main`.`Novel`.`usedSkillId`, COALESCE(`aggr_selection_0_Chapter`.`_aggr_count_chapters`, 0) AS `_aggr_count_chapters` FROM `main`.`Novel` LEFT JOIN (SELECT `main`.`Chapter`.`novelId`, COUNT(*) AS `_aggr_count_chapters` FROM `main`.`Chapter` WHERE 1=1 GROUP BY `main`.`Chapter`.`novelId`) AS `aggr_selection_0_Chapter` ON (`main`.`Novel`.`id` = `aggr_selection_0_Chapter`.`novelId`) WHERE `main`.`Novel`.`featured` = ? LIMIT ? OFFSET ?
prisma:query SELECT `main`.`Agent`.`id`, `main`.`Agent`.`agentName`, `main`.`Agent`.`description`, `main`.`Agent`.`avatarUrl`, `main`.`Agent`.`apiKey`, `main`.`Agent`.`walletAddress`, `main`.`Agent`.`systemPrompt`, `main`.`Agent`.`reputation`, `main`.`Agent`.`totalEarned`, `main`.`Agent`.`creatorTier`, `main`.`Agent`.`isActive`, `main`.`Agent`.`createdAt`, `main`.`Agent`.`updatedAt` FROM `main`.`Agent` WHERE `main`.`Agent`.`id` IN (?,?,?,?,?,?,?,?,?,?,?) LIMIT ? OFFSET ?
prisma:query SELECT `main`.`Novel`.`id`, `main`.`Novel`.`title`, `main`.`Novel`.`description`, `main`.`Novel`.`coverUrl`, `main`.`Novel`.`language`, `main`.`Novel`.`tags`, `main`.`Novel`.`status`, `main`.`Novel`.`gradient`, `main`.`Novel`.`tagline`, `main`.`Novel`.`loreQuote`, `main`.`Novel`.`featured`, `main`.`Novel`.`pricePerChapter`, `main`.`Novel`.`totalRevenue`, `main`.`Novel`.`readCount`, `main`.`Novel`.`createdAt`, `main`.`Novel`.`updatedAt`, `main`.`Novel`.`agentId`, `main`.`Novel`.`loreId`, `main`.`Novel`.`onchainPdaAddress`, `main`.`Novel`.`openForAiLearning`, `main`.`Novel`.`allowParallelUniverses`, `main`.`Novel`.`freeChaptersCount`, `main`.`Novel`.`usedSkillId`, COALESCE(`aggr_selection_0_Chapter`.`_aggr_count_chapters`, 0) AS `_aggr_count_chapters` FROM `main`.`Novel` LEFT JOIN (SELECT `main`.`Chapter`.`novelId`, COUNT(*) AS `_aggr_count_chapters` FROM `main`.`Chapter` WHERE 1=1 GROUP BY `main`.`Chapter`.`novelId`) AS `aggr_selection_0_Chapter` ON (`main`.`Novel`.`id` = `aggr_selection_0_Chapter`.`novelId`) WHERE `main`.`Novel`.`featured` = ? ORDER BY `main`.`Novel`.`id` ASC LIMIT ? OFFSET ?
prisma:query SELECT `main`.`Agent`.`id`, `main`.`Agent`.`agentName`, `main`.`Agent`.`description`, `main`.`Agent`.`avatarUrl`, `main`.`Agent`.`apiKey`, `main`.`Agent`.`walletAddress`, `main`.`Agent`.`systemPrompt`, `main`.`Agent`.`reputation`, `main`.`Agent`.`totalEarned`, `main`.`Agent`.`creatorTier`, `main`.`Agent`.`isActive`, `main`.`Agent`.`createdAt`, `main`.`Agent`.`updatedAt` FROM `main`.`Agent` WHERE `main`.`Agent`.`id` IN (?,?,?,?,?,?,?,?) LIMIT ? OFFSET ?
prisma:query SELECT `main`.`Bounty`.`id`, `main`.`Bounty`.`title`, `main`.`Bounty`.`description`, `main`.`Bounty`.`prompt`, `main`.`Bounty`.`tags`, `main`.`Bounty`.`language`, `main`.`Bounty`.`status`, `main`.`Bounty`.`totalFunded`, `main`.`Bounty`.`consensusThreshold`, `main`.`Bounty`.`createdAt`, `main`.`Bounty`.`updatedAt`, `main`.`Bounty`.`onchainPdaAddress`, `main`.`Bounty`.`blinksUrl`, `main`.`Bounty`.`novelId`, `main`.`Bounty`.`forkId`, `main`.`Bounty`.`creatorAgentId` FROM `main`.`Bounty` WHERE `main`.`Bounty`.`status` = ? ORDER BY `main`.`Bounty`.`id` ASC LIMIT ? OFFSET ?
prisma:query SELECT COUNT(*) AS `_count$_all` FROM (SELECT `main`.`Novel`.`id` FROM `main`.`Novel` WHERE 1=1 LIMIT ? OFFSET ?) AS `sub`
prisma:query SELECT COUNT(*) AS `_count$_all` FROM (SELECT `main`.`Agent`.`id` FROM `main`.`Agent` WHERE 1=1 LIMIT ? OFFSET ?) AS `sub`
 GET /api/home 200 in 9ms (compile: 771µs, render: 9ms)
 GET /dashboard 200 in 30ms (compile: 15ms, render: 15ms)
prisma:query SELECT COUNT(*) AS `_count$_all` FROM (SELECT `main`.`Novel`.`id` FROM `main`.`Novel` WHERE 1=1 LIMIT ? OFFSET ?) AS `sub`
prisma:query SELECT COUNT(*) AS `_count$_all` FROM (SELECT `main`.`Bounty`.`id` FROM `main`.`Bounty` WHERE 1=1 LIMIT ? OFFSET ?) AS `sub`
prisma:query SELECT COUNT(*) AS `_count$_all` FROM (SELECT `main`.`Agent`.`id` FROM `main`.`Agent` WHERE 1=1 LIMIT ? OFFSET ?) AS `sub`
prisma:query SELECT SUM(`amount`) AS `_sum$amount` FROM (SELECT `main`.`Tip`.`amount` FROM `main`.`Tip` WHERE 1=1 LIMIT ? OFFSET ?) AS `sub`
 GET /api/dashboard 200 in 7ms (compile: 1808µs, render: 5ms)
 POST /api/auth/sync 200 in 9ms (compile: 5ms, render: 5ms)
prisma:query INSERT INTO `main`.`User` (`id`, `email`, `displayName`, `userType`, `walletAddress`, `privyId`, `usdcBalance`, `creatorTier`, `createdAt`, `updatedAt`) VALUES (?,?,?,?,?,?,?,?,?,?) ON CONFLICT  (`privyId`) DO UPDATE SET `email` = ?, `displayName` = ?, `walletAddress` = ?, `updatedAt` = ? WHERE (`main`.`User`.`privyId` = ? AND 1=1) RETURNING `id` AS `id`, `email` AS `email`, `displayName` AS `displayName`, `avatarUrl` AS `avatarUrl`, `userType` AS `userType`, `walletAddress` AS `walletAddress`, `privyId` AS `privyId`, `usdcBalance` AS `usdcBalance`, `creatorTier` AS `creatorTier`, `createdAt` AS `createdAt`, `updatedAt` AS `updatedAt`
prisma:query SELECT COUNT(*) AS `_count$_all` FROM (SELECT `main`.`Agent`.`id` FROM `main`.`Agent` WHERE 1=1 LIMIT ? OFFSET ?) AS `sub`
prisma:query SELECT COUNT(*) AS `_count$_all` FROM (SELECT `main`.`Bounty`.`id` FROM `main`.`Bounty` WHERE 1=1 LIMIT ? OFFSET ?) AS `sub`
prisma:query SELECT COUNT(*) AS `_count$_all` FROM (SELECT `main`.`Novel`.`id` FROM `main`.`Novel` WHERE 1=1 LIMIT ? OFFSET ?) AS `sub`
prisma:query SELECT SUM(`amount`) AS `_sum$amount` FROM (SELECT `main`.`Tip`.`amount` FROM `main`.`Tip` WHERE 1=1 LIMIT ? OFFSET ?) AS `sub`
 GET /api/dashboard 200 in 4ms (compile: 1838µs, render: 2ms)
 GET / 200 in 25ms (compile: 15ms, render: 10ms)
prisma:query SELECT 1
prisma:query INSERT INTO `main`.`User` (`id`, `email`, `displayName`, `userType`, `walletAddress`, `privyId`, `usdcBalance`, `creatorTier`, `createdAt`, `updatedAt`) VALUES (?,?,?,?,?,?,?,?,?,?) ON CONFLICT  (`privyId`) DO UPDATE SET `email` = ?, `displayName` = ?, `walletAddress` = ?, `updatedAt` = ? WHERE (`main`.`User`.`privyId` = ? AND 1=1) RETURNING `id` AS `id`, `email` AS `email`, `displayName` AS `displayName`, `avatarUrl` AS `avatarUrl`, `userType` AS `userType`, `walletAddress` AS `walletAddress`, `privyId` AS `privyId`, `usdcBalance` AS `usdcBalance`, `creatorTier` AS `creatorTier`, `createdAt` AS `createdAt`, `updatedAt` AS `updatedAt`
 POST /api/auth/sync 200 in 9ms (compile: 1698µs, render: 7ms)
prisma:query SELECT `main`.`Novel`.`id`, `main`.`Novel`.`title`, `main`.`Novel`.`description`, `main`.`Novel`.`coverUrl`, `main`.`Novel`.`language`, `main`.`Novel`.`tags`, `main`.`Novel`.`status`, `main`.`Novel`.`gradient`, `main`.`Novel`.`tagline`, `main`.`Novel`.`loreQuote`, `main`.`Novel`.`featured`, `main`.`Novel`.`pricePerChapter`, `main`.`Novel`.`totalRevenue`, `main`.`Novel`.`readCount`, `main`.`Novel`.`createdAt`, `main`.`Novel`.`updatedAt`, `main`.`Novel`.`agentId`, `main`.`Novel`.`loreId`, `main`.`Novel`.`onchainPdaAddress`, `main`.`Novel`.`openForAiLearning`, `main`.`Novel`.`allowParallelUniverses`, `main`.`Novel`.`freeChaptersCount`, `main`.`Novel`.`usedSkillId`, COALESCE(`aggr_selection_0_Chapter`.`_aggr_count_chapters`, 0) AS `_aggr_count_chapters` FROM `main`.`Novel` LEFT JOIN (SELECT `main`.`Chapter`.`novelId`, COUNT(*) AS `_aggr_count_chapters` FROM `main`.`Chapter` WHERE 1=1 GROUP BY `main`.`Chapter`.`novelId`) AS `aggr_selection_0_Chapter` ON (`main`.`Novel`.`id` = `aggr_selection_0_Chapter`.`novelId`) WHERE `main`.`Novel`.`featured` = ? LIMIT ? OFFSET ?
prisma:query SELECT `main`.`Agent`.`id`, `main`.`Agent`.`agentName`, `main`.`Agent`.`description`, `main`.`Agent`.`avatarUrl`, `main`.`Agent`.`apiKey`, `main`.`Agent`.`walletAddress`, `main`.`Agent`.`systemPrompt`, `main`.`Agent`.`reputation`, `main`.`Agent`.`totalEarned`, `main`.`Agent`.`creatorTier`, `main`.`Agent`.`isActive`, `main`.`Agent`.`createdAt`, `main`.`Agent`.`updatedAt` FROM `main`.`Agent` WHERE `main`.`Agent`.`id` IN (?,?,?,?,?,?,?,?,?,?,?) LIMIT ? OFFSET ?
prisma:query SELECT `main`.`Novel`.`id`, `main`.`Novel`.`title`, `main`.`Novel`.`description`, `main`.`Novel`.`coverUrl`, `main`.`Novel`.`language`, `main`.`Novel`.`tags`, `main`.`Novel`.`status`, `main`.`Novel`.`gradient`, `main`.`Novel`.`tagline`, `main`.`Novel`.`loreQuote`, `main`.`Novel`.`featured`, `main`.`Novel`.`pricePerChapter`, `main`.`Novel`.`totalRevenue`, `main`.`Novel`.`readCount`, `main`.`Novel`.`createdAt`, `main`.`Novel`.`updatedAt`, `main`.`Novel`.`agentId`, `main`.`Novel`.`loreId`, `main`.`Novel`.`onchainPdaAddress`, `main`.`Novel`.`openForAiLearning`, `main`.`Novel`.`allowParallelUniverses`, `main`.`Novel`.`freeChaptersCount`, `main`.`Novel`.`usedSkillId`, COALESCE(`aggr_selection_0_Chapter`.`_aggr_count_chapters`, 0) AS `_aggr_count_chapters` FROM `main`.`Novel` LEFT JOIN (SELECT `main`.`Chapter`.`novelId`, COUNT(*) AS `_aggr_count_chapters` FROM `main`.`Chapter` WHERE 1=1 GROUP BY `main`.`Chapter`.`novelId`) AS `aggr_selection_0_Chapter` ON (`main`.`Novel`.`id` = `aggr_selection_0_Chapter`.`novelId`) WHERE `main`.`Novel`.`featured` = ? ORDER BY `main`.`Novel`.`id` ASC LIMIT ? OFFSET ?
prisma:query SELECT `main`.`Agent`.`id`, `main`.`Agent`.`agentName`, `main`.`Agent`.`description`, `main`.`Agent`.`avatarUrl`, `main`.`Agent`.`apiKey`, `main`.`Agent`.`walletAddress`, `main`.`Agent`.`systemPrompt`, `main`.`Agent`.`reputation`, `main`.`Agent`.`totalEarned`, `main`.`Agent`.`creatorTier`, `main`.`Agent`.`isActive`, `main`.`Agent`.`createdAt`, `main`.`Agent`.`updatedAt` FROM `main`.`Agent` WHERE `main`.`Agent`.`id` IN (?,?,?,?,?,?,?,?) LIMIT ? OFFSET ?
prisma:query SELECT `main`.`Bounty`.`id`, `main`.`Bounty`.`title`, `main`.`Bounty`.`description`, `main`.`Bounty`.`prompt`, `main`.`Bounty`.`tags`, `main`.`Bounty`.`language`, `main`.`Bounty`.`status`, `main`.`Bounty`.`totalFunded`, `main`.`Bounty`.`consensusThreshold`, `main`.`Bounty`.`createdAt`, `main`.`Bounty`.`updatedAt`, `main`.`Bounty`.`onchainPdaAddress`, `main`.`Bounty`.`blinksUrl`, `main`.`Bounty`.`novelId`, `main`.`Bounty`.`forkId`, `main`.`Bounty`.`creatorAgentId` FROM `main`.`Bounty` WHERE `main`.`Bounty`.`status` = ? ORDER BY `main`.`Bounty`.`id` ASC LIMIT ? OFFSET ?
prisma:query SELECT COUNT(*) AS `_count$_all` FROM (SELECT `main`.`Novel`.`id` FROM `main`.`Novel` WHERE 1=1 LIMIT ? OFFSET ?) AS `sub`
prisma:query SELECT COUNT(*) AS `_count$_all` FROM (SELECT `main`.`Agent`.`id` FROM `main`.`Agent` WHERE 1=1 LIMIT ? OFFSET ?) AS `sub`
 GET /api/home 200 in 5ms (compile: 970µs, render: 4ms)
prisma:query SELECT `main`.`Novel`.`id`, `main`.`Novel`.`title`, `main`.`Novel`.`description`, `main`.`Novel`.`coverUrl`, `main`.`Novel`.`language`, `main`.`Novel`.`tags`, `main`.`Novel`.`status`, `main`.`Novel`.`gradient`, `main`.`Novel`.`tagline`, `main`.`Novel`.`loreQuote`, `main`.`Novel`.`featured`, `main`.`Novel`.`pricePerChapter`, `main`.`Novel`.`totalRevenue`, `main`.`Novel`.`readCount`, `main`.`Novel`.`createdAt`, `main`.`Novel`.`updatedAt`, `main`.`Novel`.`agentId`, `main`.`Novel`.`loreId`, `main`.`Novel`.`onchainPdaAddress`, `main`.`Novel`.`openForAiLearning`, `main`.`Novel`.`allowParallelUniverses`, `main`.`Novel`.`freeChaptersCount`, `main`.`Novel`.`usedSkillId`, COALESCE(`aggr_selection_0_Chapter`.`_aggr_count_chapters`, 0) AS `_aggr_count_chapters` FROM `main`.`Novel` LEFT JOIN (SELECT `main`.`Chapter`.`novelId`, COUNT(*) AS `_aggr_count_chapters` FROM `main`.`Chapter` WHERE 1=1 GROUP BY `main`.`Chapter`.`novelId`) AS `aggr_selection_0_Chapter` ON (`main`.`Novel`.`id` = `aggr_selection_0_Chapter`.`novelId`) WHERE `main`.`Novel`.`featured` = ? LIMIT ? OFFSET ?
prisma:query SELECT `main`.`Agent`.`id`, `main`.`Agent`.`agentName`, `main`.`Agent`.`description`, `main`.`Agent`.`avatarUrl`, `main`.`Agent`.`apiKey`, `main`.`Agent`.`walletAddress`, `main`.`Agent`.`systemPrompt`, `main`.`Agent`.`reputation`, `main`.`Agent`.`totalEarned`, `main`.`Agent`.`creatorTier`, `main`.`Agent`.`isActive`, `main`.`Agent`.`createdAt`, `main`.`Agent`.`updatedAt` FROM `main`.`Agent` WHERE `main`.`Agent`.`id` IN (?,?,?,?,?,?,?,?,?,?,?) LIMIT ? OFFSET ?
prisma:query SELECT `main`.`Novel`.`id`, `main`.`Novel`.`title`, `main`.`Novel`.`description`, `main`.`Novel`.`coverUrl`, `main`.`Novel`.`language`, `main`.`Novel`.`tags`, `main`.`Novel`.`status`, `main`.`Novel`.`gradient`, `main`.`Novel`.`tagline`, `main`.`Novel`.`loreQuote`, `main`.`Novel`.`featured`, `main`.`Novel`.`pricePerChapter`, `main`.`Novel`.`totalRevenue`, `main`.`Novel`.`readCount`, `main`.`Novel`.`createdAt`, `main`.`Novel`.`updatedAt`, `main`.`Novel`.`agentId`, `main`.`Novel`.`loreId`, `main`.`Novel`.`onchainPdaAddress`, `main`.`Novel`.`openForAiLearning`, `main`.`Novel`.`allowParallelUniverses`, `main`.`Novel`.`freeChaptersCount`, `main`.`Novel`.`usedSkillId`, COALESCE(`aggr_selection_0_Chapter`.`_aggr_count_chapters`, 0) AS `_aggr_count_chapters` FROM `main`.`Novel` LEFT JOIN (SELECT `main`.`Chapter`.`novelId`, COUNT(*) AS `_aggr_count_chapters` FROM `main`.`Chapter` WHERE 1=1 GROUP BY `main`.`Chapter`.`novelId`) AS `aggr_selection_0_Chapter` ON (`main`.`Novel`.`id` = `aggr_selection_0_Chapter`.`novelId`) WHERE `main`.`Novel`.`featured` = ? ORDER BY `main`.`Novel`.`id` ASC LIMIT ? OFFSET ?
prisma:query SELECT `main`.`Agent`.`id`, `main`.`Agent`.`agentName`, `main`.`Agent`.`description`, `main`.`Agent`.`avatarUrl`, `main`.`Agent`.`apiKey`, `main`.`Agent`.`walletAddress`, `main`.`Agent`.`systemPrompt`, `main`.`Agent`.`reputation`, `main`.`Agent`.`totalEarned`, `main`.`Agent`.`creatorTier`, `main`.`Agent`.`isActive`, `main`.`Agent`.`createdAt`, `main`.`Agent`.`updatedAt` FROM `main`.`Agent` WHERE `main`.`Agent`.`id` IN (?,?,?,?,?,?,?,?) LIMIT ? OFFSET ?
prisma:query SELECT `main`.`Bounty`.`id`, `main`.`Bounty`.`title`, `main`.`Bounty`.`description`, `main`.`Bounty`.`prompt`, `main`.`Bounty`.`tags`, `main`.`Bounty`.`language`, `main`.`Bounty`.`status`, `main`.`Bounty`.`totalFunded`, `main`.`Bounty`.`consensusThreshold`, `main`.`Bounty`.`createdAt`, `main`.`Bounty`.`updatedAt`, `main`.`Bounty`.`onchainPdaAddress`, `main`.`Bounty`.`blinksUrl`, `main`.`Bounty`.`novelId`, `main`.`Bounty`.`forkId`, `main`.`Bounty`.`creatorAgentId` FROM `main`.`Bounty` WHERE `main`.`Bounty`.`status` = ? ORDER BY `main`.`Bounty`.`id` ASC LIMIT ? OFFSET ?
prisma:query SELECT COUNT(*) AS `_count$_all` FROM (SELECT `main`.`Novel`.`id` FROM `main`.`Novel` WHERE 1=1 LIMIT ? OFFSET ?) AS `sub`
prisma:query SELECT COUNT(*) AS `_count$_all` FROM (SELECT `main`.`Agent`.`id` FROM `main`.`Agent` WHERE 1=1 LIMIT ? OFFSET ?) AS `sub`
 GET /api/home 200 in 7ms (compile: 863µs, render: 6ms)
✓ Compiled in 358ms
 GET /dashboard 200 in 96ms (compile: 67ms, render: 29ms)
prisma:query SELECT 1
 POST /api/auth/sync 200 in 11ms (compile: 4ms, render: 6ms)
prisma:query INSERT INTO `main`.`User` (`id`, `email`, `displayName`, `userType`, `walletAddress`, `privyId`, `usdcBalance`, `creatorTier`, `createdAt`, `updatedAt`) VALUES (?,?,?,?,?,?,?,?,?,?) ON CONFLICT  (`privyId`) DO UPDATE SET `email` = ?, `displayName` = ?, `walletAddress` = ?, `updatedAt` = ? WHERE (`main`.`User`.`privyId` = ? AND 1=1) RETURNING `id` AS `id`, `email` AS `email`, `displayName` AS `displayName`, `avatarUrl` AS `avatarUrl`, `userType` AS `userType`, `walletAddress` AS `walletAddress`, `privyId` AS `privyId`, `usdcBalance` AS `usdcBalance`, `creatorTier` AS `creatorTier`, `createdAt` AS `createdAt`, `updatedAt` AS `updatedAt`
prisma:query SELECT 1
prisma:query SELECT 1
prisma:query SELECT 1
prisma:query SELECT COUNT(*) AS `_count$_all` FROM (SELECT `main`.`Agent`.`id` FROM `main`.`Agent` WHERE 1=1 LIMIT ? OFFSET ?) AS `sub`
prisma:query SELECT COUNT(*) AS `_count$_all` FROM (SELECT `main`.`Novel`.`id` FROM `main`.`Novel` WHERE 1=1 LIMIT ? OFFSET ?) AS `sub`
prisma:query SELECT COUNT(*) AS `_count$_all` FROM (SELECT `main`.`Bounty`.`id` FROM `main`.`Bounty` WHERE 1=1 LIMIT ? OFFSET ?) AS `sub`
prisma:query SELECT SUM(`amount`) AS `_sum$amount` FROM (SELECT `main`.`Tip`.`amount` FROM `main`.`Tip` WHERE 1=1 LIMIT ? OFFSET ?) AS `sub`
 GET /api/dashboard 200 in 7ms (compile: 1262µs, render: 5ms)
prisma:query SELECT COUNT(*) AS `_count$_all` FROM (SELECT `main`.`Novel`.`id` FROM `main`.`Novel` WHERE 1=1 LIMIT ? OFFSET ?) AS `sub`
prisma:query SELECT COUNT(*) AS `_count$_all` FROM (SELECT `main`.`Bounty`.`id` FROM `main`.`Bounty` WHERE 1=1 LIMIT ? OFFSET ?) AS `sub`
prisma:query SELECT COUNT(*) AS `_count$_all` FROM (SELECT `main`.`Agent`.`id` FROM `main`.`Agent` WHERE 1=1 LIMIT ? OFFSET ?) AS `sub`
prisma:query SELECT SUM(`amount`) AS `_sum$amount` FROM (SELECT `main`.`Tip`.`amount` FROM `main`.`Tip` WHERE 1=1 LIMIT ? OFFSET ?) AS `sub`
 GET /api/dashboard 200 in 5ms (compile: 916µs, render: 4ms)
 POST /api/stripe/onramp-session 400 in 46ms (compile: 43ms, render: 2ms)
prisma:query SELECT 1
prisma:query INSERT INTO `main`.`User` (`id`, `email`, `displayName`, `userType`, `walletAddress`, `privyId`, `usdcBalance`, `creatorTier`, `createdAt`, `updatedAt`) VALUES (?,?,?,?,?,?,?,?,?,?) ON CONFLICT  (`privyId`) DO UPDATE SET `email` = ?, `displayName` = ?, `walletAddress` = ?, `updatedAt` = ? WHERE (`main`.`User`.`privyId` = ? AND 1=1) RETURNING `id` AS `id`, `email` AS `email`, `displayName` AS `displayName`, `avatarUrl` AS `avatarUrl`, `userType` AS `userType`, `walletAddress` AS `walletAddress`, `privyId` AS `privyId`, `usdcBalance` AS `usdcBalance`, `creatorTier` AS `creatorTier`, `createdAt` AS `createdAt`, `updatedAt` AS `updatedAt`
 POST /api/auth/sync 200 in 13ms (compile: 4ms, render: 9ms)
 POST /api/stripe/onramp-session 400 in 8ms (compile: 3ms, render: 5ms)
✓ Compiled in 543ms
prisma:query SELECT 1
prisma:query INSERT INTO `main`.`User` (`id`, `email`, `displayName`, `userType`, `walletAddress`, `privyId`, `usdcBalance`, `creatorTier`, `createdAt`, `updatedAt`) VALUES (?,?,?,?,?,?,?,?,?,?) ON CONFLICT  (`privyId`) DO UPDATE SET `email` = ?, `displayName` = ?, `walletAddress` = ?, `updatedAt` = ? WHERE (`main`.`User`.`privyId` = ? AND 1=1) RETURNING `id` AS `id`, `email` AS `email`, `displayName` AS `displayName`, `avatarUrl` AS `avatarUrl`, `userType` AS `userType`, `walletAddress` AS `walletAddress`, `privyId` AS `privyId`, `usdcBalance` AS `usdcBalance`, `creatorTier` AS `creatorTier`, `createdAt` AS `createdAt`, `updatedAt` AS `updatedAt`
 POST /api/auth/sync 200 in 12ms (compile: 3ms, render: 9ms)
✓ Compiled in 42ms
 POST /api/stripe/onramp-session 400 in 19ms (compile: 11ms, render: 8ms)
 POST /api/stripe/onramp-session 400 in 11ms (compile: 4ms, render: 6ms)
✓ Compiled in 79ms
 POST /api/stripe/onramp-session 400 in 15ms (compile: 6ms, render: 9ms)
prisma:query SELECT 1
prisma:query INSERT INTO `main`.`User` (`id`, `email`, `displayName`, `userType`, `walletAddress`, `privyId`, `usdcBalance`, `creatorTier`, `createdAt`, `updatedAt`) VALUES (?,?,?,?,?,?,?,?,?,?) ON CONFLICT  (`privyId`) DO UPDATE SET `email` = ?, `displayName` = ?, `walletAddress` = ?, `updatedAt` = ? WHERE (`main`.`User`.`privyId` = ? AND 1=1) RETURNING `id` AS `id`, `email` AS `email`, `displayName` AS `displayName`, `avatarUrl` AS `avatarUrl`, `userType` AS `userType`, `walletAddress` AS `walletAddress`, `privyId` AS `privyId`, `usdcBalance` AS `usdcBalance`, `creatorTier` AS `creatorTier`, `createdAt` AS `createdAt`, `updatedAt` AS `updatedAt`
 POST /api/auth/sync 200 in 12ms (compile: 3ms, render: 9ms)
 POST /api/stripe/onramp-session 400 in 10ms (compile: 4ms, render: 6ms)
✓ Compiled in 143ms
prisma:query SELECT 1
prisma:query INSERT INTO `main`.`User` (`id`, `email`, `displayName`, `userType`, `walletAddress`, `privyId`, `usdcBalance`, `creatorTier`, `createdAt`, `updatedAt`) VALUES (?,?,?,?,?,?,?,?,?,?) ON CONFLICT  (`privyId`) DO UPDATE SET `email` = ?, `displayName` = ?, `walletAddress` = ?, `updatedAt` = ? WHERE (`main`.`User`.`privyId` = ? AND 1=1) RETURNING `id` AS `id`, `email` AS `email`, `displayName` AS `displayName`, `avatarUrl` AS `avatarUrl`, `userType` AS `userType`, `walletAddress` AS `walletAddress`, `privyId` AS `privyId`, `usdcBalance` AS `usdcBalance`, `creatorTier` AS `creatorTier`, `createdAt` AS `createdAt`, `updatedAt` AS `updatedAt`
 POST /api/auth/sync 200 in 28ms (compile: 12ms, render: 16ms)
 GET /dashboard 200 in 469ms (compile: 84ms, render: 385ms)
prisma:query SELECT 1
prisma:query SELECT 1
prisma:query SELECT 1
prisma:query SELECT 1
prisma:query SELECT COUNT(*) AS `_count$_all` FROM (SELECT `main`.`Bounty`.`id` FROM `main`.`Bounty` WHERE 1=1 LIMIT ? OFFSET ?) AS `sub`
prisma:query SELECT SUM(`amount`) AS `_sum$amount` FROM (SELECT `main`.`Tip`.`amount` FROM `main`.`Tip` WHERE 1=1 LIMIT ? OFFSET ?) AS `sub`
prisma:query SELECT COUNT(*) AS `_count$_all` FROM (SELECT `main`.`Agent`.`id` FROM `main`.`Agent` WHERE 1=1 LIMIT ? OFFSET ?) AS `sub`
prisma:query SELECT COUNT(*) AS `_count$_all` FROM (SELECT `main`.`Novel`.`id` FROM `main`.`Novel` WHERE 1=1 LIMIT ? OFFSET ?) AS `sub`
 GET /api/dashboard 200 in 4ms (compile: 1197µs, render: 3ms)
 HEAD /dashboard 200 in 50ms (compile: 16ms, render: 34ms)
 HEAD /dashboard 200 in 32ms (compile: 8ms, render: 24ms)
prisma:query INSERT INTO `main`.`User` (`id`, `email`, `displayName`, `userType`, `walletAddress`, `privyId`, `usdcBalance`, `creatorTier`, `createdAt`, `updatedAt`) VALUES (?,?,?,?,?,?,?,?,?,?) ON CONFLICT  (`privyId`) DO UPDATE SET `email` = ?, `displayName` = ?, `walletAddress` = ?, `updatedAt` = ? WHERE (`main`.`User`.`privyId` = ? AND 1=1) RETURNING `id` AS `id`, `email` AS `email`, `displayName` AS `displayName`, `avatarUrl` AS `avatarUrl`, `userType` AS `userType`, `walletAddress` AS `walletAddress`, `privyId` AS `privyId`, `usdcBalance` AS `usdcBalance`, `creatorTier` AS `creatorTier`, `createdAt` AS `createdAt`, `updatedAt` AS `updatedAt`
 POST /api/auth/sync 200 in 16ms (compile: 4ms, render: 13ms)
prisma:query INSERT INTO `main`.`User` (`id`, `email`, `displayName`, `userType`, `walletAddress`, `privyId`, `usdcBalance`, `creatorTier`, `createdAt`, `updatedAt`) VALUES (?,?,?,?,?,?,?,?,?,?) ON CONFLICT  (`privyId`) DO UPDATE SET `email` = ?, `displayName` = ?, `walletAddress` = ?, `updatedAt` = ? WHERE (`main`.`User`.`privyId` = ? AND 1=1) RETURNING `id` AS `id`, `email` AS `email`, `displayName` AS `displayName`, `avatarUrl` AS `avatarUrl`, `userType` AS `userType`, `walletAddress` AS `walletAddress`, `privyId` AS `privyId`, `usdcBalance` AS `usdcBalance`, `creatorTier` AS `creatorTier`, `createdAt` AS `createdAt`, `updatedAt` AS `updatedAt`
 POST /api/auth/sync 200 in 11ms (compile: 3ms, render: 8ms)
 POST /api/stripe/onramp-session 400 in 8ms (compile: 3ms, render: 5ms)
 GET / 200 in 464ms (compile: 85ms, render: 378ms)
prisma:query SELECT 1
prisma:query SELECT `main`.`Novel`.`id`, `main`.`Novel`.`title`, `main`.`Novel`.`description`, `main`.`Novel`.`coverUrl`, `main`.`Novel`.`language`, `main`.`Novel`.`tags`, `main`.`Novel`.`status`, `main`.`Novel`.`gradient`, `main`.`Novel`.`tagline`, `main`.`Novel`.`loreQuote`, `main`.`Novel`.`featured`, `main`.`Novel`.`pricePerChapter`, `main`.`Novel`.`totalRevenue`, `main`.`Novel`.`readCount`, `main`.`Novel`.`createdAt`, `main`.`Novel`.`updatedAt`, `main`.`Novel`.`agentId`, `main`.`Novel`.`loreId`, `main`.`Novel`.`onchainPdaAddress`, `main`.`Novel`.`openForAiLearning`, `main`.`Novel`.`allowParallelUniverses`, `main`.`Novel`.`freeChaptersCount`, `main`.`Novel`.`usedSkillId`, COALESCE(`aggr_selection_0_Chapter`.`_aggr_count_chapters`, 0) AS `_aggr_count_chapters` FROM `main`.`Novel` LEFT JOIN (SELECT `main`.`Chapter`.`novelId`, COUNT(*) AS `_aggr_count_chapters` FROM `main`.`Chapter` WHERE 1=1 GROUP BY `main`.`Chapter`.`novelId`) AS `aggr_selection_0_Chapter` ON (`main`.`Novel`.`id` = `aggr_selection_0_Chapter`.`novelId`) WHERE `main`.`Novel`.`featured` = ? LIMIT ? OFFSET ?
prisma:query SELECT `main`.`Agent`.`id`, `main`.`Agent`.`agentName`, `main`.`Agent`.`description`, `main`.`Agent`.`avatarUrl`, `main`.`Agent`.`apiKey`, `main`.`Agent`.`walletAddress`, `main`.`Agent`.`systemPrompt`, `main`.`Agent`.`reputation`, `main`.`Agent`.`totalEarned`, `main`.`Agent`.`creatorTier`, `main`.`Agent`.`isActive`, `main`.`Agent`.`createdAt`, `main`.`Agent`.`updatedAt` FROM `main`.`Agent` WHERE `main`.`Agent`.`id` IN (?,?,?,?,?,?,?,?,?,?,?) LIMIT ? OFFSET ?
prisma:query SELECT `main`.`Novel`.`id`, `main`.`Novel`.`title`, `main`.`Novel`.`description`, `main`.`Novel`.`coverUrl`, `main`.`Novel`.`language`, `main`.`Novel`.`tags`, `main`.`Novel`.`status`, `main`.`Novel`.`gradient`, `main`.`Novel`.`tagline`, `main`.`Novel`.`loreQuote`, `main`.`Novel`.`featured`, `main`.`Novel`.`pricePerChapter`, `main`.`Novel`.`totalRevenue`, `main`.`Novel`.`readCount`, `main`.`Novel`.`createdAt`, `main`.`Novel`.`updatedAt`, `main`.`Novel`.`agentId`, `main`.`Novel`.`loreId`, `main`.`Novel`.`onchainPdaAddress`, `main`.`Novel`.`openForAiLearning`, `main`.`Novel`.`allowParallelUniverses`, `main`.`Novel`.`freeChaptersCount`, `main`.`Novel`.`usedSkillId`, COALESCE(`aggr_selection_0_Chapter`.`_aggr_count_chapters`, 0) AS `_aggr_count_chapters` FROM `main`.`Novel` LEFT JOIN (SELECT `main`.`Chapter`.`novelId`, COUNT(*) AS `_aggr_count_chapters` FROM `main`.`Chapter` WHERE 1=1 GROUP BY `main`.`Chapter`.`novelId`) AS `aggr_selection_0_Chapter` ON (`main`.`Novel`.`id` = `aggr_selection_0_Chapter`.`novelId`) WHERE `main`.`Novel`.`featured` = ? ORDER BY `main`.`Novel`.`id` ASC LIMIT ? OFFSET ?
prisma:query SELECT `main`.`Agent`.`id`, `main`.`Agent`.`agentName`, `main`.`Agent`.`description`, `main`.`Agent`.`avatarUrl`, `main`.`Agent`.`apiKey`, `main`.`Agent`.`walletAddress`, `main`.`Agent`.`systemPrompt`, `main`.`Agent`.`reputation`, `main`.`Agent`.`totalEarned`, `main`.`Agent`.`creatorTier`, `main`.`Agent`.`isActive`, `main`.`Agent`.`createdAt`, `main`.`Agent`.`updatedAt` FROM `main`.`Agent` WHERE `main`.`Agent`.`id` IN (?,?,?,?,?,?,?,?) LIMIT ? OFFSET ?
prisma:query SELECT `main`.`Bounty`.`id`, `main`.`Bounty`.`title`, `main`.`Bounty`.`description`, `main`.`Bounty`.`prompt`, `main`.`Bounty`.`tags`, `main`.`Bounty`.`language`, `main`.`Bounty`.`status`, `main`.`Bounty`.`totalFunded`, `main`.`Bounty`.`consensusThreshold`, `main`.`Bounty`.`createdAt`, `main`.`Bounty`.`updatedAt`, `main`.`Bounty`.`onchainPdaAddress`, `main`.`Bounty`.`blinksUrl`, `main`.`Bounty`.`novelId`, `main`.`Bounty`.`forkId`, `main`.`Bounty`.`creatorAgentId` FROM `main`.`Bounty` WHERE `main`.`Bounty`.`status` = ? ORDER BY `main`.`Bounty`.`id` ASC LIMIT ? OFFSET ?
prisma:query SELECT COUNT(*) AS `_count$_all` FROM (SELECT `main`.`Novel`.`id` FROM `main`.`Novel` WHERE 1=1 LIMIT ? OFFSET ?) AS `sub`
prisma:query SELECT COUNT(*) AS `_count$_all` FROM (SELECT `main`.`Agent`.`id` FROM `main`.`Agent` WHERE 1=1 LIMIT ? OFFSET ?) AS `sub`
 GET /api/home 200 in 27ms (compile: 11ms, render: 16ms)
 HEAD / 200 in 48ms (compile: 15ms, render: 33ms)
prisma:query INSERT INTO `main`.`User` (`id`, `email`, `displayName`, `userType`, `walletAddress`, `privyId`, `usdcBalance`, `creatorTier`, `createdAt`, `updatedAt`) VALUES (?,?,?,?,?,?,?,?,?,?) ON CONFLICT  (`privyId`) DO UPDATE SET `email` = ?, `displayName` = ?, `walletAddress` = ?, `updatedAt` = ? WHERE (`main`.`User`.`privyId` = ? AND 1=1) RETURNING `id` AS `id`, `email` AS `email`, `displayName` AS `displayName`, `avatarUrl` AS `avatarUrl`, `userType` AS `userType`, `walletAddress` AS `walletAddress`, `privyId` AS `privyId`, `usdcBalance` AS `usdcBalance`, `creatorTier` AS `creatorTier`, `createdAt` AS `createdAt`, `updatedAt` AS `updatedAt`
 POST /api/auth/sync 200 in 13ms (compile: 5ms, render: 8ms)
 HEAD / 200 in 36ms (compile: 10ms, render: 25ms)
prisma:query INSERT INTO `main`.`User` (`id`, `email`, `displayName`, `userType`, `walletAddress`, `privyId`, `usdcBalance`, `creatorTier`, `createdAt`, `updatedAt`) VALUES (?,?,?,?,?,?,?,?,?,?) ON CONFLICT  (`privyId`) DO UPDATE SET `email` = ?, `displayName` = ?, `walletAddress` = ?, `updatedAt` = ? WHERE (`main`.`User`.`privyId` = ? AND 1=1) RETURNING `id` AS `id`, `email` AS `email`, `displayName` AS `displayName`, `avatarUrl` AS `avatarUrl`, `userType` AS `userType`, `walletAddress` AS `walletAddress`, `privyId` AS `privyId`, `usdcBalance` AS `usdcBalance`, `creatorTier` AS `creatorTier`, `createdAt` AS `createdAt`, `updatedAt` AS `updatedAt`
 POST /api/auth/sync 200 in 7ms (compile: 1302µs, render: 5ms)
 GET / 200 in 98ms (compile: 18ms, render: 80ms)
prisma:query SELECT 1
prisma:query SELECT `main`.`Novel`.`id`, `main`.`Novel`.`title`, `main`.`Novel`.`description`, `main`.`Novel`.`coverUrl`, `main`.`Novel`.`language`, `main`.`Novel`.`tags`, `main`.`Novel`.`status`, `main`.`Novel`.`gradient`, `main`.`Novel`.`tagline`, `main`.`Novel`.`loreQuote`, `main`.`Novel`.`featured`, `main`.`Novel`.`pricePerChapter`, `main`.`Novel`.`totalRevenue`, `main`.`Novel`.`readCount`, `main`.`Novel`.`createdAt`, `main`.`Novel`.`updatedAt`, `main`.`Novel`.`agentId`, `main`.`Novel`.`loreId`, `main`.`Novel`.`onchainPdaAddress`, `main`.`Novel`.`openForAiLearning`, `main`.`Novel`.`allowParallelUniverses`, `main`.`Novel`.`freeChaptersCount`, `main`.`Novel`.`usedSkillId`, COALESCE(`aggr_selection_0_Chapter`.`_aggr_count_chapters`, 0) AS `_aggr_count_chapters` FROM `main`.`Novel` LEFT JOIN (SELECT `main`.`Chapter`.`novelId`, COUNT(*) AS `_aggr_count_chapters` FROM `main`.`Chapter` WHERE 1=1 GROUP BY `main`.`Chapter`.`novelId`) AS `aggr_selection_0_Chapter` ON (`main`.`Novel`.`id` = `aggr_selection_0_Chapter`.`novelId`) WHERE `main`.`Novel`.`featured` = ? LIMIT ? OFFSET ?
prisma:query SELECT `main`.`Agent`.`id`, `main`.`Agent`.`agentName`, `main`.`Agent`.`description`, `main`.`Agent`.`avatarUrl`, `main`.`Agent`.`apiKey`, `main`.`Agent`.`walletAddress`, `main`.`Agent`.`systemPrompt`, `main`.`Agent`.`reputation`, `main`.`Agent`.`totalEarned`, `main`.`Agent`.`creatorTier`, `main`.`Agent`.`isActive`, `main`.`Agent`.`createdAt`, `main`.`Agent`.`updatedAt` FROM `main`.`Agent` WHERE `main`.`Agent`.`id` IN (?,?,?,?,?,?,?,?,?,?,?) LIMIT ? OFFSET ?
prisma:query SELECT `main`.`Novel`.`id`, `main`.`Novel`.`title`, `main`.`Novel`.`description`, `main`.`Novel`.`coverUrl`, `main`.`Novel`.`language`, `main`.`Novel`.`tags`, `main`.`Novel`.`status`, `main`.`Novel`.`gradient`, `main`.`Novel`.`tagline`, `main`.`Novel`.`loreQuote`, `main`.`Novel`.`featured`, `main`.`Novel`.`pricePerChapter`, `main`.`Novel`.`totalRevenue`, `main`.`Novel`.`readCount`, `main`.`Novel`.`createdAt`, `main`.`Novel`.`updatedAt`, `main`.`Novel`.`agentId`, `main`.`Novel`.`loreId`, `main`.`Novel`.`onchainPdaAddress`, `main`.`Novel`.`openForAiLearning`, `main`.`Novel`.`allowParallelUniverses`, `main`.`Novel`.`freeChaptersCount`, `main`.`Novel`.`usedSkillId`, COALESCE(`aggr_selection_0_Chapter`.`_aggr_count_chapters`, 0) AS `_aggr_count_chapters` FROM `main`.`Novel` LEFT JOIN (SELECT `main`.`Chapter`.`novelId`, COUNT(*) AS `_aggr_count_chapters` FROM `main`.`Chapter` WHERE 1=1 GROUP BY `main`.`Chapter`.`novelId`) AS `aggr_selection_0_Chapter` ON (`main`.`Novel`.`id` = `aggr_selection_0_Chapter`.`novelId`) WHERE `main`.`Novel`.`featured` = ? ORDER BY `main`.`Novel`.`id` ASC LIMIT ? OFFSET ?
prisma:query SELECT `main`.`Agent`.`id`, `main`.`Agent`.`agentName`, `main`.`Agent`.`description`, `main`.`Agent`.`avatarUrl`, `main`.`Agent`.`apiKey`, `main`.`Agent`.`walletAddress`, `main`.`Agent`.`systemPrompt`, `main`.`Agent`.`reputation`, `main`.`Agent`.`totalEarned`, `main`.`Agent`.`creatorTier`, `main`.`Agent`.`isActive`, `main`.`Agent`.`createdAt`, `main`.`Agent`.`updatedAt` FROM `main`.`Agent` WHERE `main`.`Agent`.`id` IN (?,?,?,?,?,?,?,?) LIMIT ? OFFSET ?
prisma:query SELECT `main`.`Bounty`.`id`, `main`.`Bounty`.`title`, `main`.`Bounty`.`description`, `main`.`Bounty`.`prompt`, `main`.`Bounty`.`tags`, `main`.`Bounty`.`language`, `main`.`Bounty`.`status`, `main`.`Bounty`.`totalFunded`, `main`.`Bounty`.`consensusThreshold`, `main`.`Bounty`.`createdAt`, `main`.`Bounty`.`updatedAt`, `main`.`Bounty`.`onchainPdaAddress`, `main`.`Bounty`.`blinksUrl`, `main`.`Bounty`.`novelId`, `main`.`Bounty`.`forkId`, `main`.`Bounty`.`creatorAgentId` FROM `main`.`Bounty` WHERE `main`.`Bounty`.`status` = ? ORDER BY `main`.`Bounty`.`id` ASC LIMIT ? OFFSET ?
prisma:query SELECT COUNT(*) AS `_count$_all` FROM (SELECT `main`.`Novel`.`id` FROM `main`.`Novel` WHERE 1=1 LIMIT ? OFFSET ?) AS `sub`
prisma:query SELECT COUNT(*) AS `_count$_all` FROM (SELECT `main`.`Agent`.`id` FROM `main`.`Agent` WHERE 1=1 LIMIT ? OFFSET ?) AS `sub`
 GET /api/home 200 in 10ms (compile: 2ms, render: 8ms)
 HEAD / 200 in 36ms (compile: 9ms, render: 27ms)
 HEAD / 200 in 51ms (compile: 13ms, render: 38ms)
 GET / 200 in 78ms (compile: 16ms, render: 62ms)
prisma:query SELECT 1
prisma:query SELECT `main`.`Novel`.`id`, `main`.`Novel`.`title`, `main`.`Novel`.`description`, `main`.`Novel`.`coverUrl`, `main`.`Novel`.`language`, `main`.`Novel`.`tags`, `main`.`Novel`.`status`, `main`.`Novel`.`gradient`, `main`.`Novel`.`tagline`, `main`.`Novel`.`loreQuote`, `main`.`Novel`.`featured`, `main`.`Novel`.`pricePerChapter`, `main`.`Novel`.`totalRevenue`, `main`.`Novel`.`readCount`, `main`.`Novel`.`createdAt`, `main`.`Novel`.`updatedAt`, `main`.`Novel`.`agentId`, `main`.`Novel`.`loreId`, `main`.`Novel`.`onchainPdaAddress`, `main`.`Novel`.`openForAiLearning`, `main`.`Novel`.`allowParallelUniverses`, `main`.`Novel`.`freeChaptersCount`, `main`.`Novel`.`usedSkillId`, COALESCE(`aggr_selection_0_Chapter`.`_aggr_count_chapters`, 0) AS `_aggr_count_chapters` FROM `main`.`Novel` LEFT JOIN (SELECT `main`.`Chapter`.`novelId`, COUNT(*) AS `_aggr_count_chapters` FROM `main`.`Chapter` WHERE 1=1 GROUP BY `main`.`Chapter`.`novelId`) AS `aggr_selection_0_Chapter` ON (`main`.`Novel`.`id` = `aggr_selection_0_Chapter`.`novelId`) WHERE `main`.`Novel`.`featured` = ? LIMIT ? OFFSET ?
prisma:query SELECT `main`.`Agent`.`id`, `main`.`Agent`.`agentName`, `main`.`Agent`.`description`, `main`.`Agent`.`avatarUrl`, `main`.`Agent`.`apiKey`, `main`.`Agent`.`walletAddress`, `main`.`Agent`.`systemPrompt`, `main`.`Agent`.`reputation`, `main`.`Agent`.`totalEarned`, `main`.`Agent`.`creatorTier`, `main`.`Agent`.`isActive`, `main`.`Agent`.`createdAt`, `main`.`Agent`.`updatedAt` FROM `main`.`Agent` WHERE `main`.`Agent`.`id` IN (?,?,?,?,?,?,?,?,?,?,?) LIMIT ? OFFSET ?
prisma:query SELECT `main`.`Novel`.`id`, `main`.`Novel`.`title`, `main`.`Novel`.`description`, `main`.`Novel`.`coverUrl`, `main`.`Novel`.`language`, `main`.`Novel`.`tags`, `main`.`Novel`.`status`, `main`.`Novel`.`gradient`, `main`.`Novel`.`tagline`, `main`.`Novel`.`loreQuote`, `main`.`Novel`.`featured`, `main`.`Novel`.`pricePerChapter`, `main`.`Novel`.`totalRevenue`, `main`.`Novel`.`readCount`, `main`.`Novel`.`createdAt`, `main`.`Novel`.`updatedAt`, `main`.`Novel`.`agentId`, `main`.`Novel`.`loreId`, `main`.`Novel`.`onchainPdaAddress`, `main`.`Novel`.`openForAiLearning`, `main`.`Novel`.`allowParallelUniverses`, `main`.`Novel`.`freeChaptersCount`, `main`.`Novel`.`usedSkillId`, COALESCE(`aggr_selection_0_Chapter`.`_aggr_count_chapters`, 0) AS `_aggr_count_chapters` FROM `main`.`Novel` LEFT JOIN (SELECT `main`.`Chapter`.`novelId`, COUNT(*) AS `_aggr_count_chapters` FROM `main`.`Chapter` WHERE 1=1 GROUP BY `main`.`Chapter`.`novelId`) AS `aggr_selection_0_Chapter` ON (`main`.`Novel`.`id` = `aggr_selection_0_Chapter`.`novelId`) WHERE `main`.`Novel`.`featured` = ? ORDER BY `main`.`Novel`.`id` ASC LIMIT ? OFFSET ?
prisma:query SELECT `main`.`Agent`.`id`, `main`.`Agent`.`agentName`, `main`.`Agent`.`description`, `main`.`Agent`.`avatarUrl`, `main`.`Agent`.`apiKey`, `main`.`Agent`.`walletAddress`, `main`.`Agent`.`systemPrompt`, `main`.`Agent`.`reputation`, `main`.`Agent`.`totalEarned`, `main`.`Agent`.`creatorTier`, `main`.`Agent`.`isActive`, `main`.`Agent`.`createdAt`, `main`.`Agent`.`updatedAt` FROM `main`.`Agent` WHERE `main`.`Agent`.`id` IN (?,?,?,?,?,?,?,?) LIMIT ? OFFSET ?
prisma:query SELECT `main`.`Bounty`.`id`, `main`.`Bounty`.`title`, `main`.`Bounty`.`description`, `main`.`Bounty`.`prompt`, `main`.`Bounty`.`tags`, `main`.`Bounty`.`language`, `main`.`Bounty`.`status`, `main`.`Bounty`.`totalFunded`, `main`.`Bounty`.`consensusThreshold`, `main`.`Bounty`.`createdAt`, `main`.`Bounty`.`updatedAt`, `main`.`Bounty`.`onchainPdaAddress`, `main`.`Bounty`.`blinksUrl`, `main`.`Bounty`.`novelId`, `main`.`Bounty`.`forkId`, `main`.`Bounty`.`creatorAgentId` FROM `main`.`Bounty` WHERE `main`.`Bounty`.`status` = ? ORDER BY `main`.`Bounty`.`id` ASC LIMIT ? OFFSET ?
prisma:query SELECT COUNT(*) AS `_count$_all` FROM (SELECT `main`.`Novel`.`id` FROM `main`.`Novel` WHERE 1=1 LIMIT ? OFFSET ?) AS `sub`
prisma:query SELECT COUNT(*) AS `_count$_all` FROM (SELECT `main`.`Agent`.`id` FROM `main`.`Agent` WHERE 1=1 LIMIT ? OFFSET ?) AS `sub`
 GET /api/home 200 in 10ms (compile: 1879µs, render: 8ms)
 HEAD / 200 in 54ms (compile: 17ms, render: 36ms)
 HEAD / 200 in 55ms (compile: 11ms, render: 44ms)
✓ Compiled in 40ms
 GET / 200 in 504ms (compile: 93ms, render: 412ms)
prisma:query SELECT 1
prisma:query SELECT `main`.`Novel`.`id`, `main`.`Novel`.`title`, `main`.`Novel`.`description`, `main`.`Novel`.`coverUrl`, `main`.`Novel`.`language`, `main`.`Novel`.`tags`, `main`.`Novel`.`status`, `main`.`Novel`.`gradient`, `main`.`Novel`.`tagline`, `main`.`Novel`.`loreQuote`, `main`.`Novel`.`featured`, `main`.`Novel`.`pricePerChapter`, `main`.`Novel`.`totalRevenue`, `main`.`Novel`.`readCount`, `main`.`Novel`.`createdAt`, `main`.`Novel`.`updatedAt`, `main`.`Novel`.`agentId`, `main`.`Novel`.`loreId`, `main`.`Novel`.`onchainPdaAddress`, `main`.`Novel`.`openForAiLearning`, `main`.`Novel`.`allowParallelUniverses`, `main`.`Novel`.`freeChaptersCount`, `main`.`Novel`.`usedSkillId`, COALESCE(`aggr_selection_0_Chapter`.`_aggr_count_chapters`, 0) AS `_aggr_count_chapters` FROM `main`.`Novel` LEFT JOIN (SELECT `main`.`Chapter`.`novelId`, COUNT(*) AS `_aggr_count_chapters` FROM `main`.`Chapter` WHERE 1=1 GROUP BY `main`.`Chapter`.`novelId`) AS `aggr_selection_0_Chapter` ON (`main`.`Novel`.`id` = `aggr_selection_0_Chapter`.`novelId`) WHERE `main`.`Novel`.`featured` = ? LIMIT ? OFFSET ?
prisma:query SELECT `main`.`Agent`.`id`, `main`.`Agent`.`agentName`, `main`.`Agent`.`description`, `main`.`Agent`.`avatarUrl`, `main`.`Agent`.`apiKey`, `main`.`Agent`.`walletAddress`, `main`.`Agent`.`systemPrompt`, `main`.`Agent`.`reputation`, `main`.`Agent`.`totalEarned`, `main`.`Agent`.`creatorTier`, `main`.`Agent`.`isActive`, `main`.`Agent`.`createdAt`, `main`.`Agent`.`updatedAt` FROM `main`.`Agent` WHERE `main`.`Agent`.`id` IN (?,?,?,?,?,?,?,?,?,?,?) LIMIT ? OFFSET ?
prisma:query SELECT `main`.`Novel`.`id`, `main`.`Novel`.`title`, `main`.`Novel`.`description`, `main`.`Novel`.`coverUrl`, `main`.`Novel`.`language`, `main`.`Novel`.`tags`, `main`.`Novel`.`status`, `main`.`Novel`.`gradient`, `main`.`Novel`.`tagline`, `main`.`Novel`.`loreQuote`, `main`.`Novel`.`featured`, `main`.`Novel`.`pricePerChapter`, `main`.`Novel`.`totalRevenue`, `main`.`Novel`.`readCount`, `main`.`Novel`.`createdAt`, `main`.`Novel`.`updatedAt`, `main`.`Novel`.`agentId`, `main`.`Novel`.`loreId`, `main`.`Novel`.`onchainPdaAddress`, `main`.`Novel`.`openForAiLearning`, `main`.`Novel`.`allowParallelUniverses`, `main`.`Novel`.`freeChaptersCount`, `main`.`Novel`.`usedSkillId`, COALESCE(`aggr_selection_0_Chapter`.`_aggr_count_chapters`, 0) AS `_aggr_count_chapters` FROM `main`.`Novel` LEFT JOIN (SELECT `main`.`Chapter`.`novelId`, COUNT(*) AS `_aggr_count_chapters` FROM `main`.`Chapter` WHERE 1=1 GROUP BY `main`.`Chapter`.`novelId`) AS `aggr_selection_0_Chapter` ON (`main`.`Novel`.`id` = `aggr_selection_0_Chapter`.`novelId`) WHERE `main`.`Novel`.`featured` = ? ORDER BY `main`.`Novel`.`id` ASC LIMIT ? OFFSET ?
prisma:query SELECT `main`.`Agent`.`id`, `main`.`Agent`.`agentName`, `main`.`Agent`.`description`, `main`.`Agent`.`avatarUrl`, `main`.`Agent`.`apiKey`, `main`.`Agent`.`walletAddress`, `main`.`Agent`.`systemPrompt`, `main`.`Agent`.`reputation`, `main`.`Agent`.`totalEarned`, `main`.`Agent`.`creatorTier`, `main`.`Agent`.`isActive`, `main`.`Agent`.`createdAt`, `main`.`Agent`.`updatedAt` FROM `main`.`Agent` WHERE `main`.`Agent`.`id` IN (?,?,?,?,?,?,?,?) LIMIT ? OFFSET ?
prisma:query SELECT `main`.`Bounty`.`id`, `main`.`Bounty`.`title`, `main`.`Bounty`.`description`, `main`.`Bounty`.`prompt`, `main`.`Bounty`.`tags`, `main`.`Bounty`.`language`, `main`.`Bounty`.`status`, `main`.`Bounty`.`totalFunded`, `main`.`Bounty`.`consensusThreshold`, `main`.`Bounty`.`createdAt`, `main`.`Bounty`.`updatedAt`, `main`.`Bounty`.`onchainPdaAddress`, `main`.`Bounty`.`blinksUrl`, `main`.`Bounty`.`novelId`, `main`.`Bounty`.`forkId`, `main`.`Bounty`.`creatorAgentId` FROM `main`.`Bounty` WHERE `main`.`Bounty`.`status` = ? ORDER BY `main`.`Bounty`.`id` ASC LIMIT ? OFFSET ?
prisma:query SELECT COUNT(*) AS `_count$_all` FROM (SELECT `main`.`Novel`.`id` FROM `main`.`Novel` WHERE 1=1 LIMIT ? OFFSET ?) AS `sub`
prisma:query SELECT COUNT(*) AS `_count$_all` FROM (SELECT `main`.`Agent`.`id` FROM `main`.`Agent` WHERE 1=1 LIMIT ? OFFSET ?) AS `sub`
 GET /api/home 200 in 15ms (compile: 3ms, render: 12ms)
 HEAD / 200 in 43ms (compile: 14ms, render: 30ms)
 HEAD / 200 in 35ms (compile: 5ms, render: 30ms)
prisma:query SELECT 1
prisma:query INSERT INTO `main`.`User` (`id`, `email`, `displayName`, `userType`, `walletAddress`, `privyId`, `usdcBalance`, `creatorTier`, `createdAt`, `updatedAt`) VALUES (?,?,?,?,?,?,?,?,?,?) ON CONFLICT  (`privyId`) DO UPDATE SET `email` = ?, `displayName` = ?, `walletAddress` = ?, `updatedAt` = ? WHERE (`main`.`User`.`privyId` = ? AND 1=1) RETURNING `id` AS `id`, `email` AS `email`, `displayName` AS `displayName`, `avatarUrl` AS `avatarUrl`, `userType` AS `userType`, `walletAddress` AS `walletAddress`, `privyId` AS `privyId`, `usdcBalance` AS `usdcBalance`, `creatorTier` AS `creatorTier`, `createdAt` AS `createdAt`, `updatedAt` AS `updatedAt`
 POST /api/auth/sync 200 in 15ms (compile: 4ms, render: 11ms)
 GET /dashboard 200 in 151ms (compile: 73ms, render: 78ms)
 POST /api/auth/sync 200 in 28ms (compile: 4ms, render: 24ms)
prisma:query INSERT INTO `main`.`User` (`id`, `email`, `displayName`, `userType`, `walletAddress`, `privyId`, `usdcBalance`, `creatorTier`, `createdAt`, `updatedAt`) VALUES (?,?,?,?,?,?,?,?,?,?) ON CONFLICT  (`privyId`) DO UPDATE SET `email` = ?, `displayName` = ?, `walletAddress` = ?, `updatedAt` = ? WHERE (`main`.`User`.`privyId` = ? AND 1=1) RETURNING `id` AS `id`, `email` AS `email`, `displayName` AS `displayName`, `avatarUrl` AS `avatarUrl`, `userType` AS `userType`, `walletAddress` AS `walletAddress`, `privyId` AS `privyId`, `usdcBalance` AS `usdcBalance`, `creatorTier` AS `creatorTier`, `createdAt` AS `createdAt`, `updatedAt` AS `updatedAt`
prisma:query SELECT 1
prisma:query SELECT 1
prisma:query SELECT 1
prisma:query SELECT COUNT(*) AS `_count$_all` FROM (SELECT `main`.`Novel`.`id` FROM `main`.`Novel` WHERE 1=1 LIMIT ? OFFSET ?) AS `sub`
prisma:query SELECT COUNT(*) AS `_count$_all` FROM (SELECT `main`.`Bounty`.`id` FROM `main`.`Bounty` WHERE 1=1 LIMIT ? OFFSET ?) AS `sub`
prisma:query SELECT SUM(`amount`) AS `_sum$amount` FROM (SELECT `main`.`Tip`.`amount` FROM `main`.`Tip` WHERE 1=1 LIMIT ? OFFSET ?) AS `sub`
prisma:query SELECT COUNT(*) AS `_count$_all` FROM (SELECT `main`.`Agent`.`id` FROM `main`.`Agent` WHERE 1=1 LIMIT ? OFFSET ?) AS `sub`
 GET /api/dashboard 200 in 12ms (compile: 6ms, render: 6ms)
prisma:query SELECT COUNT(*) AS `_count$_all` FROM (SELECT `main`.`Agent`.`id` FROM `main`.`Agent` WHERE 1=1 LIMIT ? OFFSET ?) AS `sub`
prisma:query SELECT COUNT(*) AS `_count$_all` FROM (SELECT `main`.`Bounty`.`id` FROM `main`.`Bounty` WHERE 1=1 LIMIT ? OFFSET ?) AS `sub`
prisma:query SELECT SUM(`amount`) AS `_sum$amount` FROM (SELECT `main`.`Tip`.`amount` FROM `main`.`Tip` WHERE 1=1 LIMIT ? OFFSET ?) AS `sub`
prisma:query SELECT COUNT(*) AS `_count$_all` FROM (SELECT `main`.`Novel`.`id` FROM `main`.`Novel` WHERE 1=1 LIMIT ? OFFSET ?) AS `sub`
 GET /api/dashboard 200 in 12ms (compile: 6ms, render: 6ms)
 POST /api/stripe/onramp-session 400 in 12ms (compile: 5ms, render: 7ms)
 GET /dashboard 200 in 437ms (compile: 21ms, render: 416ms)
prisma:query SELECT 1
prisma:query SELECT 1
prisma:query SELECT 1
prisma:query SELECT 1
prisma:query SELECT COUNT(*) AS `_count$_all` FROM (SELECT `main`.`Agent`.`id` FROM `main`.`Agent` WHERE 1=1 LIMIT ? OFFSET ?) AS `sub`
prisma:query SELECT SUM(`amount`) AS `_sum$amount` FROM (SELECT `main`.`Tip`.`amount` FROM `main`.`Tip` WHERE 1=1 LIMIT ? OFFSET ?) AS `sub`
prisma:query SELECT COUNT(*) AS `_count$_all` FROM (SELECT `main`.`Novel`.`id` FROM `main`.`Novel` WHERE 1=1 LIMIT ? OFFSET ?) AS `sub`
prisma:query SELECT COUNT(*) AS `_count$_all` FROM (SELECT `main`.`Bounty`.`id` FROM `main`.`Bounty` WHERE 1=1 LIMIT ? OFFSET ?) AS `sub`
 GET /api/dashboard 200 in 4ms (compile: 1198µs, render: 3ms)
 HEAD /dashboard 200 in 35ms (compile: 15ms, render: 20ms)
 HEAD /dashboard 200 in 27ms (compile: 8ms, render: 19ms)
prisma:query INSERT INTO `main`.`User` (`id`, `email`, `displayName`, `userType`, `walletAddress`, `privyId`, `usdcBalance`, `creatorTier`, `createdAt`, `updatedAt`) VALUES (?,?,?,?,?,?,?,?,?,?) ON CONFLICT  (`privyId`) DO UPDATE SET `email` = ?, `displayName` = ?, `walletAddress` = ?, `updatedAt` = ? WHERE (`main`.`User`.`privyId` = ? AND 1=1) RETURNING `id` AS `id`, `email` AS `email`, `displayName` AS `displayName`, `avatarUrl` AS `avatarUrl`, `userType` AS `userType`, `walletAddress` AS `walletAddress`, `privyId` AS `privyId`, `usdcBalance` AS `usdcBalance`, `creatorTier` AS `creatorTier`, `createdAt` AS `createdAt`, `updatedAt` AS `updatedAt`
 POST /api/auth/sync 200 in 8ms (compile: 2ms, render: 6ms)
 POST /api/stripe/onramp-session 400 in 13ms (compile: 5ms, render: 7ms)
✓ Compiled in 307ms
prisma:query SELECT 1
prisma:query INSERT INTO `main`.`User` (`id`, `email`, `displayName`, `userType`, `walletAddress`, `privyId`, `usdcBalance`, `creatorTier`, `createdAt`, `updatedAt`) VALUES (?,?,?,?,?,?,?,?,?,?) ON CONFLICT  (`privyId`) DO UPDATE SET `email` = ?, `displayName` = ?, `walletAddress` = ?, `updatedAt` = ? WHERE (`main`.`User`.`privyId` = ? AND 1=1) RETURNING `id` AS `id`, `email` AS `email`, `displayName` AS `displayName`, `avatarUrl` AS `avatarUrl`, `userType` AS `userType`, `walletAddress` AS `walletAddress`, `privyId` AS `privyId`, `usdcBalance` AS `usdcBalance`, `creatorTier` AS `creatorTier`, `createdAt` AS `createdAt`, `updatedAt` AS `updatedAt`
prisma:query INSERT INTO `main`.`User` (`id`, `email`, `displayName`, `userType`, `walletAddress`, `privyId`, `usdcBalance`, `creatorTier`, `createdAt`, `updatedAt`) VALUES (?,?,?,?,?,?,?,?,?,?) ON CONFLICT  (`privyId`) DO UPDATE SET `email` = ?, `displayName` = ?, `walletAddress` = ?, `updatedAt` = ? WHERE (`main`.`User`.`privyId` = ? AND 1=1) RETURNING `id` AS `id`, `email` AS `email`, `displayName` AS `displayName`, `avatarUrl` AS `avatarUrl`, `userType` AS `userType`, `walletAddress` AS `walletAddress`, `privyId` AS `privyId`, `usdcBalance` AS `usdcBalance`, `creatorTier` AS `creatorTier`, `createdAt` AS `createdAt`, `updatedAt` AS `updatedAt`
prisma:query SELECT 1
prisma:query SELECT COUNT(*) AS `_count$_all` FROM (SELECT `main`.`Novel`.`id` FROM `main`.`Novel` WHERE 1=1 LIMIT ? OFFSET ?) AS `sub`
prisma:query SELECT COUNT(*) AS `_count$_all` FROM (SELECT `main`.`Bounty`.`id` FROM `main`.`Bounty` WHERE 1=1 LIMIT ? OFFSET ?) AS `sub`
prisma:query SELECT COUNT(*) AS `_count$_all` FROM (SELECT `main`.`Agent`.`id` FROM `main`.`Agent` WHERE 1=1 LIMIT ? OFFSET ?) AS `sub`
prisma:query SELECT SUM(`amount`) AS `_sum$amount` FROM (SELECT `main`.`Tip`.`amount` FROM `main`.`Tip` WHERE 1=1 LIMIT ? OFFSET ?) AS `sub`
 POST /api/auth/sync 200 in 48ms (compile: 16ms, render: 32ms)
 POST /api/auth/sync 200 in 49ms (compile: 30ms, render: 19ms)
 GET /api/dashboard 200 in 51ms (compile: 34ms, render: 17ms)
prisma:query INSERT INTO `main`.`User` (`id`, `email`, `displayName`, `userType`, `walletAddress`, `privyId`, `usdcBalance`, `creatorTier`, `createdAt`, `updatedAt`) VALUES (?,?,?,?,?,?,?,?,?,?) ON CONFLICT  (`privyId`) DO UPDATE SET `email` = ?, `displayName` = ?, `walletAddress` = ?, `updatedAt` = ? WHERE (`main`.`User`.`privyId` = ? AND 1=1) RETURNING `id` AS `id`, `email` AS `email`, `displayName` AS `displayName`, `avatarUrl` AS `avatarUrl`, `userType` AS `userType`, `walletAddress` AS `walletAddress`, `privyId` AS `privyId`, `usdcBalance` AS `usdcBalance`, `creatorTier` AS `creatorTier`, `createdAt` AS `createdAt`, `updatedAt` AS `updatedAt`
 POST /api/auth/sync 200 in 59ms (compile: 41ms, render: 17ms)
 POST /api/auth/sync 200 in 25ms (compile: 12ms, render: 12ms)
prisma:query INSERT INTO `main`.`User` (`id`, `email`, `displayName`, `userType`, `walletAddress`, `privyId`, `usdcBalance`, `creatorTier`, `createdAt`, `updatedAt`) VALUES (?,?,?,?,?,?,?,?,?,?) ON CONFLICT  (`privyId`) DO UPDATE SET `email` = ?, `displayName` = ?, `walletAddress` = ?, `updatedAt` = ? WHERE (`main`.`User`.`privyId` = ? AND 1=1) RETURNING `id` AS `id`, `email` AS `email`, `displayName` AS `displayName`, `avatarUrl` AS `avatarUrl`, `userType` AS `userType`, `walletAddress` AS `walletAddress`, `privyId` AS `privyId`, `usdcBalance` AS `usdcBalance`, `creatorTier` AS `creatorTier`, `createdAt` AS `createdAt`, `updatedAt` AS `updatedAt`
 GET /api/dashboard 200 in 17ms (compile: 2ms, render: 15ms)
prisma:query SELECT COUNT(*) AS `_count$_all` FROM (SELECT `main`.`Novel`.`id` FROM `main`.`Novel` WHERE 1=1 LIMIT ? OFFSET ?) AS `sub`
prisma:query SELECT COUNT(*) AS `_count$_all` FROM (SELECT `main`.`Agent`.`id` FROM `main`.`Agent` WHERE 1=1 LIMIT ? OFFSET ?) AS `sub`
prisma:query SELECT COUNT(*) AS `_count$_all` FROM (SELECT `main`.`Bounty`.`id` FROM `main`.`Bounty` WHERE 1=1 LIMIT ? OFFSET ?) AS `sub`
prisma:query SELECT SUM(`amount`) AS `_sum$amount` FROM (SELECT `main`.`Tip`.`amount` FROM `main`.`Tip` WHERE 1=1 LIMIT ? OFFSET ?) AS `sub`
 GET /dashboard 200 in 453ms (compile: 86ms, render: 367ms)
prisma:query SELECT 1
prisma:query SELECT 1
prisma:query SELECT COUNT(*) AS `_count$_all` FROM (SELECT `main`.`Bounty`.`id` FROM `main`.`Bounty` WHERE 1=1 LIMIT ? OFFSET ?) AS `sub`
prisma:query SELECT COUNT(*) AS `_count$_all` FROM (SELECT `main`.`Novel`.`id` FROM `main`.`Novel` WHERE 1=1 LIMIT ? OFFSET ?) AS `sub`
prisma:query SELECT 1
prisma:query SELECT 1
prisma:query SELECT SUM(`amount`) AS `_sum$amount` FROM (SELECT `main`.`Tip`.`amount` FROM `main`.`Tip` WHERE 1=1 LIMIT ? OFFSET ?) AS `sub`
prisma:query SELECT COUNT(*) AS `_count$_all` FROM (SELECT `main`.`Agent`.`id` FROM `main`.`Agent` WHERE 1=1 LIMIT ? OFFSET ?) AS `sub`
 GET /api/dashboard 200 in 5ms (compile: 1994µs, render: 3ms)
 HEAD /dashboard 200 in 46ms (compile: 19ms, render: 27ms)
 HEAD /dashboard 200 in 34ms (compile: 11ms, render: 24ms)
 POST /api/auth/sync 200 in 16ms (compile: 3ms, render: 13ms)
prisma:query INSERT INTO `main`.`User` (`id`, `email`, `displayName`, `userType`, `walletAddress`, `privyId`, `usdcBalance`, `creatorTier`, `createdAt`, `updatedAt`) VALUES (?,?,?,?,?,?,?,?,?,?) ON CONFLICT  (`privyId`) DO UPDATE SET `email` = ?, `displayName` = ?, `walletAddress` = ?, `updatedAt` = ? WHERE (`main`.`User`.`privyId` = ? AND 1=1) RETURNING `id` AS `id`, `email` AS `email`, `displayName` AS `displayName`, `avatarUrl` AS `avatarUrl`, `userType` AS `userType`, `walletAddress` AS `walletAddress`, `privyId` AS `privyId`, `usdcBalance` AS `usdcBalance`, `creatorTier` AS `creatorTier`, `createdAt` AS `createdAt`, `updatedAt` AS `updatedAt`
prisma:query INSERT INTO `main`.`User` (`id`, `email`, `displayName`, `userType`, `walletAddress`, `privyId`, `usdcBalance`, `creatorTier`, `createdAt`, `updatedAt`) VALUES (?,?,?,?,?,?,?,?,?,?) ON CONFLICT  (`privyId`) DO UPDATE SET `email` = ?, `displayName` = ?, `walletAddress` = ?, `updatedAt` = ? WHERE (`main`.`User`.`privyId` = ? AND 1=1) RETURNING `id` AS `id`, `email` AS `email`, `displayName` AS `displayName`, `avatarUrl` AS `avatarUrl`, `userType` AS `userType`, `walletAddress` AS `walletAddress`, `privyId` AS `privyId`, `usdcBalance` AS `usdcBalance`, `creatorTier` AS `creatorTier`, `createdAt` AS `createdAt`, `updatedAt` AS `updatedAt`
 POST /api/auth/sync 200 in 7ms (compile: 1790µs, render: 5ms)
Stripe Crypto Onramp not available: Cannot read properties of undefined (reading 'onrampSessions')
 POST /api/stripe/onramp-session 200 in 12ms (compile: 3ms, render: 9ms)
✓ Compiled in 631ms
 GET /dashboard 200 in 593ms (compile: 484ms, render: 110ms)
 GET /dashboard 200 in 105ms (compile: 8ms, render: 97ms)
 GET /dashboard 200 in 137ms (compile: 5ms, render: 133ms)
 GET /dashboard 200 in 145ms (compile: 15ms, render: 130ms)
 GET /dashboard 200 in 132ms (compile: 13ms, render: 119ms)
 GET /dashboard 200 in 104ms (compile: 13ms, render: 91ms)
 GET /dashboard 200 in 90ms (compile: 9ms, render: 82ms)
 GET /dashboard 200 in 89ms (compile: 6ms, render: 83ms)
 GET /dashboard 200 in 88ms (compile: 5ms, render: 83ms)
 GET /dashboard 200 in 109ms (compile: 5ms, render: 104ms)
 GET /dashboard 200 in 98ms (compile: 8ms, render: 89ms)
 GET /dashboard 200 in 98ms (compile: 6ms, render: 92ms)
 GET /dashboard 200 in 99ms (compile: 8ms, render: 91ms)
 GET /dashboard 200 in 112ms (compile: 10ms, render: 103ms)
 GET /dashboard 200 in 88ms (compile: 6ms, render: 83ms)
 GET /dashboard 200 in 73ms (compile: 7ms, render: 66ms)
 GET /dashboard 200 in 71ms (compile: 8ms, render: 63ms)
 GET /dashboard 200 in 67ms (compile: 5ms, render: 62ms)
 GET /dashboard 200 in 66ms (compile: 7ms, render: 59ms)
 GET /dashboard 200 in 102ms (compile: 8ms, render: 94ms)
 GET /dashboard 200 in 112ms (compile: 5ms, render: 107ms)
 GET /dashboard 200 in 101ms (compile: 5ms, render: 96ms)
 GET /dashboard 200 in 108ms (compile: 7ms, render: 101ms)
 GET /dashboard 200 in 120ms (compile: 5ms, render: 115ms)
 GET /dashboard 200 in 122ms (compile: 8ms, render: 115ms)
 GET /dashboard 200 in 144ms (compile: 12ms, render: 132ms)
 GET /dashboard 200 in 120ms (compile: 10ms, render: 110ms)
 GET /dashboard 200 in 114ms (compile: 8ms, render: 106ms)
 GET /dashboard 200 in 89ms (compile: 13ms, render: 77ms)
 GET /dashboard 200 in 68ms (compile: 7ms, render: 61ms)
 GET /dashboard 200 in 51ms (compile: 7ms, render: 44ms)
 GET /dashboard 200 in 58ms (compile: 14ms, render: 44ms)
 GET /dashboard 200 in 64ms (compile: 6ms, render: 58ms)
 GET /dashboard 200 in 60ms (compile: 5ms, render: 55ms)
 GET /dashboard 200 in 76ms (compile: 6ms, render: 69ms)
 GET /dashboard 200 in 75ms (compile: 5ms, render: 70ms)
 GET /dashboard 200 in 73ms (compile: 5ms, render: 68ms)
 GET /dashboard 200 in 86ms (compile: 8ms, render: 78ms)
 GET /dashboard 200 in 72ms (compile: 5ms, render: 66ms)
 GET /dashboard 200 in 73ms (compile: 6ms, render: 67ms)
 GET /dashboard 200 in 71ms (compile: 7ms, render: 65ms)
 GET /dashboard 200 in 84ms (compile: 4ms, render: 80ms)
 GET /dashboard 200 in 72ms (compile: 5ms, render: 67ms)
 GET /dashboard 200 in 82ms (compile: 6ms, render: 77ms)
 GET /dashboard 200 in 70ms (compile: 4ms, render: 65ms)
 GET /dashboard 200 in 74ms (compile: 7ms, render: 68ms)
 GET /dashboard 200 in 74ms (compile: 7ms, render: 67ms)
 GET /dashboard 200 in 72ms (compile: 6ms, render: 66ms)
 GET /dashboard 200 in 83ms (compile: 4ms, render: 79ms)
 GET /dashboard 200 in 85ms (compile: 6ms, render: 79ms)
 GET /dashboard 200 in 104ms (compile: 4ms, render: 99ms)
 GET /dashboard 200 in 91ms (compile: 5ms, render: 85ms)
 GET /dashboard 200 in 93ms (compile: 14ms, render: 79ms)
 GET /dashboard 200 in 82ms (compile: 5ms, render: 77ms)
 GET /dashboard 200 in 82ms (compile: 4ms, render: 78ms)
 GET /dashboard 200 in 83ms (compile: 11ms, render: 72ms)
 GET /dashboard 200 in 86ms (compile: 6ms, render: 80ms)
 GET /dashboard 200 in 74ms (compile: 4ms, render: 69ms)
 GET /dashboard 200 in 75ms (compile: 6ms, render: 69ms)
 GET /dashboard 200 in 73ms (compile: 5ms, render: 69ms)
 GET /dashboard 200 in 74ms (compile: 4ms, render: 69ms)
 GET /dashboard 200 in 77ms (compile: 8ms, render: 69ms)
 GET /dashboard 200 in 87ms (compile: 7ms, render: 80ms)
 GET /dashboard 200 in 85ms (compile: 6ms, render: 79ms)
 GET /dashboard 200 in 74ms (compile: 7ms, render: 67ms)
 GET /dashboard 200 in 61ms (compile: 5ms, render: 56ms)
 GET /dashboard 200 in 59ms (compile: 4ms, render: 54ms)
 GET /dashboard 200 in 67ms (compile: 6ms, render: 62ms)
 GET /dashboard 200 in 93ms (compile: 4ms, render: 88ms)
 GET /dashboard 200 in 101ms (compile: 5ms, render: 96ms)
 GET /dashboard 200 in 105ms (compile: 7ms, render: 98ms)
 GET /dashboard 200 in 105ms (compile: 6ms, render: 99ms)
 GET /dashboard 200 in 102ms (compile: 6ms, render: 96ms)
 GET /dashboard 200 in 114ms (compile: 10ms, render: 104ms)
 GET /dashboard 200 in 93ms (compile: 6ms, render: 87ms)
 GET /dashboard 200 in 91ms (compile: 9ms, render: 82ms)
 GET /dashboard 200 in 87ms (compile: 7ms, render: 80ms)
 GET /dashboard 200 in 71ms (compile: 5ms, render: 66ms)
 GET /dashboard 200 in 66ms (compile: 8ms, render: 58ms)
 GET /dashboard 200 in 76ms (compile: 8ms, render: 67ms)
 GET /dashboard 200 in 62ms (compile: 6ms, render: 55ms)
 GET /dashboard 200 in 73ms (compile: 6ms, render: 66ms)
 GET /dashboard 200 in 63ms (compile: 6ms, render: 57ms)
 GET /dashboard 200 in 68ms (compile: 4ms, render: 64ms)
 GET /dashboard 200 in 110ms (compile: 5ms, render: 105ms)
 GET /dashboard 200 in 111ms (compile: 6ms, render: 105ms)
 GET /dashboard 200 in 108ms (compile: 7ms, render: 101ms)
 GET /dashboard 200 in 117ms (compile: 9ms, render: 108ms)
 GET /dashboard 200 in 100ms (compile: 9ms, render: 91ms)
 GET /dashboard 200 in 119ms (compile: 6ms, render: 112ms)
 GET /dashboard 200 in 109ms (compile: 6ms, render: 103ms)
 GET /dashboard 200 in 112ms (compile: 4ms, render: 108ms)
 GET /dashboard 200 in 116ms (compile: 7ms, render: 109ms)
 GET /dashboard 200 in 113ms (compile: 10ms, render: 103ms)
 GET /dashboard 200 in 114ms (compile: 13ms, render: 101ms)
 GET /dashboard 200 in 90ms (compile: 5ms, render: 85ms)
 GET /dashboard 200 in 91ms (compile: 7ms, render: 84ms)
 GET /dashboard 200 in 87ms (compile: 4ms, render: 83ms)
 GET /dashboard 200 in 87ms (compile: 5ms, render: 81ms)
 GET /dashboard 200 in 94ms (compile: 6ms, render: 88ms)
 GET /dashboard 200 in 91ms (compile: 9ms, render: 82ms)
 GET /dashboard 200 in 76ms (compile: 8ms, render: 69ms)
 GET /dashboard 200 in 76ms (compile: 8ms, render: 68ms)
 GET /dashboard 200 in 74ms (compile: 4ms, render: 70ms)
 GET /dashboard 200 in 74ms (compile: 4ms, render: 69ms)
 GET /dashboard 200 in 85ms (compile: 6ms, render: 79ms)
 GET /dashboard 200 in 83ms (compile: 5ms, render: 79ms)
 GET /dashboard 200 in 71ms (compile: 5ms, render: 66ms)
 GET /dashboard 200 in 73ms (compile: 7ms, render: 66ms)
 GET /dashboard 200 in 73ms (compile: 6ms, render: 67ms)
 GET /dashboard 200 in 75ms (compile: 4ms, render: 71ms)
 GET /dashboard 200 in 74ms (compile: 6ms, render: 69ms)
 GET /dashboard 200 in 71ms (compile: 5ms, render: 66ms)
 GET /dashboard 200 in 58ms (compile: 4ms, render: 53ms)
 GET /dashboard 200 in 71ms (compile: 6ms, render: 65ms)
 GET /dashboard 200 in 57ms (compile: 4ms, render: 54ms)
 GET /dashboard 200 in 72ms (compile: 5ms, render: 67ms)
 GET /dashboard 200 in 74ms (compile: 7ms, render: 67ms)
 GET /dashboard 200 in 61ms (compile: 4ms, render: 56ms)
 GET /dashboard 200 in 71ms (compile: 5ms, render: 66ms)
 GET /dashboard 200 in 71ms (compile: 5ms, render: 66ms)
 GET /dashboard 200 in 71ms (compile: 4ms, render: 66ms)
 GET /dashboard 200 in 70ms (compile: 5ms, render: 65ms)
 GET /dashboard 200 in 72ms (compile: 6ms, render: 66ms)
 GET /dashboard 200 in 70ms (compile: 5ms, render: 65ms)
 GET /dashboard 200 in 69ms (compile: 6ms, render: 63ms)
 GET /dashboard 200 in 80ms (compile: 5ms, render: 74ms)
 GET /dashboard 200 in 80ms (compile: 5ms, render: 75ms)
 GET /dashboard 200 in 68ms (compile: 4ms, render: 64ms)
 GET /dashboard 200 in 70ms (compile: 6ms, render: 64ms)
 GET /dashboard 200 in 71ms (compile: 5ms, render: 65ms)
 GET /dashboard 200 in 83ms (compile: 5ms, render: 78ms)
 GET /dashboard 200 in 72ms (compile: 5ms, render: 66ms)
 GET /dashboard 200 in 71ms (compile: 5ms, render: 66ms)
 GET /dashboard 200 in 82ms (compile: 5ms, render: 77ms)
 GET /dashboard 200 in 82ms (compile: 6ms, render: 76ms)
 GET /dashboard 200 in 81ms (compile: 6ms, render: 75ms)
 GET /dashboard 200 in 82ms (compile: 7ms, render: 75ms)
 GET /dashboard 200 in 93ms (compile: 14ms, render: 79ms)
 GET /dashboard 200 in 69ms (compile: 4ms, render: 65ms)
 GET /dashboard 200 in 71ms (compile: 6ms, render: 65ms)
 GET /dashboard 200 in 81ms (compile: 7ms, render: 74ms)
 GET /dashboard 200 in 68ms (compile: 4ms, render: 64ms)
 GET /dashboard 200 in 70ms (compile: 4ms, render: 66ms)
 GET /dashboard 200 in 71ms (compile: 6ms, render: 65ms)
 GET /dashboard 200 in 70ms (compile: 4ms, render: 66ms)
 GET /dashboard 200 in 79ms (compile: 5ms, render: 74ms)
 GET /dashboard 200 in 81ms (compile: 7ms, render: 74ms)
 GET /dashboard 200 in 98ms (compile: 4ms, render: 94ms)
 GET /dashboard 200 in 86ms (compile: 4ms, render: 82ms)
 GET /dashboard 200 in 88ms (compile: 13ms, render: 75ms)
 GET /dashboard 200 in 79ms (compile: 5ms, render: 74ms)
 GET /dashboard 200 in 93ms (compile: 5ms, render: 89ms)
 GET /dashboard 200 in 83ms (compile: 11ms, render: 71ms)
 GET /dashboard 200 in 74ms (compile: 6ms, render: 68ms)
 GET /dashboard 200 in 77ms (compile: 4ms, render: 72ms)
 GET /dashboard 200 in 78ms (compile: 6ms, render: 72ms)
 GET /dashboard 200 in 75ms (compile: 4ms, render: 71ms)
 GET /dashboard 200 in 74ms (compile: 4ms, render: 70ms)
 GET /dashboard 200 in 75ms (compile: 7ms, render: 68ms)
 GET /dashboard 200 in 73ms (compile: 5ms, render: 68ms)
 GET /dashboard 200 in 74ms (compile: 7ms, render: 68ms)
 GET /dashboard 200 in 96ms (compile: 7ms, render: 88ms)
 GET /dashboard 200 in 84ms (compile: 4ms, render: 80ms)
 GET /dashboard 200 in 134ms (compile: 5ms, render: 129ms)
 GET /dashboard 200 in 122ms (compile: 6ms, render: 115ms)
 GET /dashboard 200 in 120ms (compile: 5ms, render: 115ms)
 GET /dashboard 200 in 118ms (compile: 7ms, render: 111ms)
 GET /dashboard 200 in 110ms (compile: 13ms, render: 97ms)
 GET /dashboard 200 in 71ms (compile: 5ms, render: 66ms)
 GET /dashboard 200 in 70ms (compile: 4ms, render: 66ms)
 GET /dashboard 200 in 82ms (compile: 4ms, render: 78ms)
 GET /dashboard 200 in 69ms (compile: 5ms, render: 63ms)
 GET /dashboard 200 in 69ms (compile: 5ms, render: 64ms)
 GET /dashboard 200 in 72ms (compile: 6ms, render: 66ms)
 GET /dashboard 200 in 59ms (compile: 6ms, render: 53ms)
 GET /dashboard 200 in 71ms (compile: 5ms, render: 65ms)
 GET /dashboard 200 in 59ms (compile: 4ms, render: 55ms)
 GET /dashboard 200 in 56ms (compile: 4ms, render: 52ms)
 GET /dashboard 200 in 70ms (compile: 6ms, render: 64ms)
 GET /dashboard 200 in 68ms (compile: 4ms, render: 64ms)
 GET /dashboard 200 in 69ms (compile: 7ms, render: 62ms)
 GET /dashboard 200 in 55ms (compile: 7ms, render: 48ms)
 GET /dashboard 200 in 57ms (compile: 5ms, render: 51ms)
 GET /dashboard 200 in 44ms (compile: 4ms, render: 40ms)
 GET /dashboard 200 in 42ms (compile: 6ms, render: 36ms)
 GET /dashboard 200 in 54ms (compile: 4ms, render: 50ms)
 GET /dashboard 200 in 53ms (compile: 5ms, render: 49ms)
 GET /dashboard 200 in 54ms (compile: 7ms, render: 46ms)
 GET /dashboard 200 in 69ms (compile: 4ms, render: 65ms)
 GET /dashboard 200 in 73ms (compile: 4ms, render: 69ms)
 GET /dashboard 200 in 83ms (compile: 6ms, render: 77ms)
 GET /dashboard 200 in 96ms (compile: 6ms, render: 91ms)
 GET /dashboard 200 in 85ms (compile: 6ms, render: 78ms)
 GET /dashboard 200 in 83ms (compile: 7ms, render: 76ms)
 GET /dashboard 200 in 80ms (compile: 13ms, render: 67ms)
 GET /dashboard 200 in 72ms (compile: 5ms, render: 68ms)
 GET /dashboard 200 in 73ms (compile: 6ms, render: 67ms)
 GET /dashboard 200 in 85ms (compile: 6ms, render: 78ms)
 GET /dashboard 200 in 85ms (compile: 6ms, render: 79ms)
 GET /dashboard 200 in 75ms (compile: 5ms, render: 69ms)
 GET /dashboard 200 in 60ms (compile: 4ms, render: 56ms)
 GET /dashboard 200 in 57ms (compile: 4ms, render: 52ms)
 GET /dashboard 200 in 58ms (compile: 6ms, render: 53ms)
 GET /dashboard 200 in 69ms (compile: 4ms, render: 65ms)
 GET /dashboard 200 in 55ms (compile: 5ms, render: 51ms)
 GET /dashboard 200 in 57ms (compile: 6ms, render: 51ms)
 GET /dashboard 200 in 57ms (compile: 6ms, render: 51ms)
 GET /dashboard 200 in 66ms (compile: 4ms, render: 62ms)
 GET /dashboard 200 in 67ms (compile: 6ms, render: 61ms)
 GET /dashboard 200 in 66ms (compile: 4ms, render: 61ms)
 GET /dashboard 200 in 64ms (compile: 5ms, render: 59ms)
 GET /dashboard 200 in 54ms (compile: 6ms, render: 47ms)
 GET /dashboard 200 in 42ms (compile: 4ms, render: 38ms)
 GET /dashboard 200 in 30ms (compile: 4ms, render: 26ms)
 GET /dashboard 200 in 18ms (compile: 6ms, render: 12ms)
✓ Compiled in 365ms
✓ Compiled in 267ms
 POST /api/auth/sync 200 in 94ms (compile: 54ms, render: 40ms)
prisma:query SELECT 1
prisma:query INSERT INTO `main`.`User` (`id`, `email`, `displayName`, `userType`, `walletAddress`, `privyId`, `usdcBalance`, `creatorTier`, `createdAt`, `updatedAt`) VALUES (?,?,?,?,?,?,?,?,?,?) ON CONFLICT  (`privyId`) DO UPDATE SET `email` = ?, `displayName` = ?, `walletAddress` = ?, `updatedAt` = ? WHERE (`main`.`User`.`privyId` = ? AND 1=1) RETURNING `id` AS `id`, `email` AS `email`, `displayName` AS `displayName`, `avatarUrl` AS `avatarUrl`, `userType` AS `userType`, `walletAddress` AS `walletAddress`, `privyId` AS `privyId`, `usdcBalance` AS `usdcBalance`, `creatorTier` AS `creatorTier`, `createdAt` AS `createdAt`, `updatedAt` AS `updatedAt`
prisma:query INSERT INTO `main`.`User` (`id`, `email`, `displayName`, `userType`, `walletAddress`, `privyId`, `usdcBalance`, `creatorTier`, `createdAt`, `updatedAt`) VALUES (?,?,?,?,?,?,?,?,?,?) ON CONFLICT  (`privyId`) DO UPDATE SET `email` = ?, `displayName` = ?, `walletAddress` = ?, `updatedAt` = ? WHERE (`main`.`User`.`privyId` = ? AND 1=1) RETURNING `id` AS `id`, `email` AS `email`, `displayName` AS `displayName`, `avatarUrl` AS `avatarUrl`, `userType` AS `userType`, `walletAddress` AS `walletAddress`, `privyId` AS `privyId`, `usdcBalance` AS `usdcBalance`, `creatorTier` AS `creatorTier`, `createdAt` AS `createdAt`, `updatedAt` AS `updatedAt`
 POST /api/auth/sync 200 in 91ms (compile: 73ms, render: 17ms)
 POST /api/auth/sync 200 in 12ms (compile: 6ms, render: 5ms)
prisma:query INSERT INTO `main`.`User` (`id`, `email`, `displayName`, `userType`, `walletAddress`, `privyId`, `usdcBalance`, `creatorTier`, `createdAt`, `updatedAt`) VALUES (?,?,?,?,?,?,?,?,?,?) ON CONFLICT  (`privyId`) DO UPDATE SET `email` = ?, `displayName` = ?, `walletAddress` = ?, `updatedAt` = ? WHERE (`main`.`User`.`privyId` = ? AND 1=1) RETURNING `id` AS `id`, `email` AS `email`, `displayName` AS `displayName`, `avatarUrl` AS `avatarUrl`, `userType` AS `userType`, `walletAddress` AS `walletAddress`, `privyId` AS `privyId`, `usdcBalance` AS `usdcBalance`, `creatorTier` AS `creatorTier`, `createdAt` AS `createdAt`, `updatedAt` AS `updatedAt`
prisma:query INSERT INTO `main`.`User` (`id`, `email`, `displayName`, `userType`, `walletAddress`, `privyId`, `usdcBalance`, `creatorTier`, `createdAt`, `updatedAt`) VALUES (?,?,?,?,?,?,?,?,?,?) ON CONFLICT  (`privyId`) DO UPDATE SET `email` = ?, `displayName` = ?, `walletAddress` = ?, `updatedAt` = ? WHERE (`main`.`User`.`privyId` = ? AND 1=1) RETURNING `id` AS `id`, `email` AS `email`, `displayName` AS `displayName`, `avatarUrl` AS `avatarUrl`, `userType` AS `userType`, `walletAddress` AS `walletAddress`, `privyId` AS `privyId`, `usdcBalance` AS `usdcBalance`, `creatorTier` AS `creatorTier`, `createdAt` AS `createdAt`, `updatedAt` AS `updatedAt`
 POST /api/auth/sync 200 in 9ms (compile: 4ms, render: 5ms)
prisma:query SELECT 1
prisma:query SELECT 1
prisma:query SELECT 1
prisma:query SELECT COUNT(*) AS `_count$_all` FROM (SELECT `main`.`Novel`.`id` FROM `main`.`Novel` WHERE 1=1 LIMIT ? OFFSET ?) AS `sub`
prisma:query SELECT COUNT(*) AS `_count$_all` FROM (SELECT `main`.`Agent`.`id` FROM `main`.`Agent` WHERE 1=1 LIMIT ? OFFSET ?) AS `sub`
prisma:query SELECT COUNT(*) AS `_count$_all` FROM (SELECT `main`.`Bounty`.`id` FROM `main`.`Bounty` WHERE 1=1 LIMIT ? OFFSET ?) AS `sub`
prisma:query SELECT SUM(`amount`) AS `_sum$amount` FROM (SELECT `main`.`Tip`.`amount` FROM `main`.`Tip` WHERE 1=1 LIMIT ? OFFSET ?) AS `sub`
 GET /api/dashboard 200 in 32ms (compile: 25ms, render: 7ms)
prisma:query SELECT COUNT(*) AS `_count$_all` FROM (SELECT `main`.`Agent`.`id` FROM `main`.`Agent` WHERE 1=1 LIMIT ? OFFSET ?) AS `sub`
prisma:query SELECT COUNT(*) AS `_count$_all` FROM (SELECT `main`.`Novel`.`id` FROM `main`.`Novel` WHERE 1=1 LIMIT ? OFFSET ?) AS `sub`
prisma:query SELECT SUM(`amount`) AS `_sum$amount` FROM (SELECT `main`.`Tip`.`amount` FROM `main`.`Tip` WHERE 1=1 LIMIT ? OFFSET ?) AS `sub`
prisma:query SELECT COUNT(*) AS `_count$_all` FROM (SELECT `main`.`Bounty`.`id` FROM `main`.`Bounty` WHERE 1=1 LIMIT ? OFFSET ?) AS `sub`
 GET /api/dashboard 200 in 4ms (compile: 1133µs, render: 3ms)
⚠ Fast Refresh had to perform a full reload due to a runtime error.
⚠ Fast Refresh had to perform a full reload due to a runtime error.
✓ Compiled in 24ms
prisma:query SELECT 1
prisma:query SELECT 1
prisma:query SELECT 1
prisma:query SELECT 1
 GET /api/dashboard 200 in 20ms (compile: 4ms, render: 16ms)
prisma:query SELECT COUNT(*) AS `_count$_all` FROM (SELECT `main`.`Novel`.`id` FROM `main`.`Novel` WHERE 1=1 LIMIT ? OFFSET ?) AS `sub`
prisma:query SELECT SUM(`amount`) AS `_sum$amount` FROM (SELECT `main`.`Tip`.`amount` FROM `main`.`Tip` WHERE 1=1 LIMIT ? OFFSET ?) AS `sub`
prisma:query SELECT COUNT(*) AS `_count$_all` FROM (SELECT `main`.`Bounty`.`id` FROM `main`.`Bounty` WHERE 1=1 LIMIT ? OFFSET ?) AS `sub`
prisma:query SELECT COUNT(*) AS `_count$_all` FROM (SELECT `main`.`Agent`.`id` FROM `main`.`Agent` WHERE 1=1 LIMIT ? OFFSET ?) AS `sub`
 GET /api/dashboard 200 in 39ms (compile: 36ms, render: 3ms)
prisma:query SELECT COUNT(*) AS `_count$_all` FROM (SELECT `main`.`Novel`.`id` FROM `main`.`Novel` WHERE 1=1 LIMIT ? OFFSET ?) AS `sub`
prisma:query SELECT COUNT(*) AS `_count$_all` FROM (SELECT `main`.`Bounty`.`id` FROM `main`.`Bounty` WHERE 1=1 LIMIT ? OFFSET ?) AS `sub`
prisma:query SELECT SUM(`amount`) AS `_sum$amount` FROM (SELECT `main`.`Tip`.`amount` FROM `main`.`Tip` WHERE 1=1 LIMIT ? OFFSET ?) AS `sub`
prisma:query SELECT COUNT(*) AS `_count$_all` FROM (SELECT `main`.`Agent`.`id` FROM `main`.`Agent` WHERE 1=1 LIMIT ? OFFSET ?) AS `sub`
 GET /dashboard 200 in 798ms (compile: 127ms, render: 671ms)
 GET /dashboard 200 in 81ms (compile: 17ms, render: 64ms)
prisma:query SELECT COUNT(*) AS `_count$_all` FROM (SELECT `main`.`Novel`.`id` FROM `main`.`Novel` WHERE 1=1 LIMIT ? OFFSET ?) AS `sub`
prisma:query SELECT COUNT(*) AS `_count$_all` FROM (SELECT `main`.`Bounty`.`id` FROM `main`.`Bounty` WHERE 1=1 LIMIT ? OFFSET ?) AS `sub`
prisma:query SELECT COUNT(*) AS `_count$_all` FROM (SELECT `main`.`Agent`.`id` FROM `main`.`Agent` WHERE 1=1 LIMIT ? OFFSET ?) AS `sub`
prisma:query SELECT SUM(`amount`) AS `_sum$amount` FROM (SELECT `main`.`Tip`.`amount` FROM `main`.`Tip` WHERE 1=1 LIMIT ? OFFSET ?) AS `sub`
 GET /api/dashboard 200 in 20ms (compile: 3ms, render: 17ms)
 HEAD /dashboard 200 in 100ms (compile: 25ms, render: 75ms)
prisma:query SELECT COUNT(*) AS `_count$_all` FROM (SELECT `main`.`Novel`.`id` FROM `main`.`Novel` WHERE 1=1 LIMIT ? OFFSET ?) AS `sub`
prisma:query SELECT COUNT(*) AS `_count$_all` FROM (SELECT `main`.`Bounty`.`id` FROM `main`.`Bounty` WHERE 1=1 LIMIT ? OFFSET ?) AS `sub`
prisma:query SELECT SUM(`amount`) AS `_sum$amount` FROM (SELECT `main`.`Tip`.`amount` FROM `main`.`Tip` WHERE 1=1 LIMIT ? OFFSET ?) AS `sub`
prisma:query SELECT COUNT(*) AS `_count$_all` FROM (SELECT `main`.`Agent`.`id` FROM `main`.`Agent` WHERE 1=1 LIMIT ? OFFSET ?) AS `sub`
 GET /api/dashboard 200 in 9ms (compile: 5ms, render: 4ms)
 HEAD /dashboard 200 in 49ms (compile: 10ms, render: 39ms)
 HEAD /dashboard 200 in 46ms (compile: 15ms, render: 32ms)
 HEAD /dashboard 200 in 35ms (compile: 6ms, render: 29ms)
 POST /api/auth/sync 200 in 11ms (compile: 2ms, render: 9ms)
prisma:query INSERT INTO `main`.`User` (`id`, `email`, `displayName`, `userType`, `walletAddress`, `privyId`, `usdcBalance`, `creatorTier`, `createdAt`, `updatedAt`) VALUES (?,?,?,?,?,?,?,?,?,?) ON CONFLICT  (`privyId`) DO UPDATE SET `email` = ?, `displayName` = ?, `walletAddress` = ?, `updatedAt` = ? WHERE (`main`.`User`.`privyId` = ? AND 1=1) RETURNING `id` AS `id`, `email` AS `email`, `displayName` AS `displayName`, `avatarUrl` AS `avatarUrl`, `userType` AS `userType`, `walletAddress` AS `walletAddress`, `privyId` AS `privyId`, `usdcBalance` AS `usdcBalance`, `creatorTier` AS `creatorTier`, `createdAt` AS `createdAt`, `updatedAt` AS `updatedAt`
 POST /api/auth/sync 200 in 14ms (compile: 7ms, render: 8ms)
prisma:query INSERT INTO `main`.`User` (`id`, `email`, `displayName`, `userType`, `walletAddress`, `privyId`, `usdcBalance`, `creatorTier`, `createdAt`, `updatedAt`) VALUES (?,?,?,?,?,?,?,?,?,?) ON CONFLICT  (`privyId`) DO UPDATE SET `email` = ?, `displayName` = ?, `walletAddress` = ?, `updatedAt` = ? WHERE (`main`.`User`.`privyId` = ? AND 1=1) RETURNING `id` AS `id`, `email` AS `email`, `displayName` AS `displayName`, `avatarUrl` AS `avatarUrl`, `userType` AS `userType`, `walletAddress` AS `walletAddress`, `privyId` AS `privyId`, `usdcBalance` AS `usdcBalance`, `creatorTier` AS `creatorTier`, `createdAt` AS `createdAt`, `updatedAt` AS `updatedAt`
prisma:query INSERT INTO `main`.`User` (`id`, `email`, `displayName`, `userType`, `walletAddress`, `privyId`, `usdcBalance`, `creatorTier`, `createdAt`, `updatedAt`) VALUES (?,?,?,?,?,?,?,?,?,?) ON CONFLICT  (`privyId`) DO UPDATE SET `email` = ?, `displayName` = ?, `walletAddress` = ?, `updatedAt` = ? WHERE (`main`.`User`.`privyId` = ? AND 1=1) RETURNING `id` AS `id`, `email` AS `email`, `displayName` AS `displayName`, `avatarUrl` AS `avatarUrl`, `userType` AS `userType`, `walletAddress` AS `walletAddress`, `privyId` AS `privyId`, `usdcBalance` AS `usdcBalance`, `creatorTier` AS `creatorTier`, `createdAt` AS `createdAt`, `updatedAt` AS `updatedAt`
 POST /api/auth/sync 200 in 14ms (compile: 8ms, render: 5ms)
 POST /api/auth/sync 200 in 11ms (compile: 2ms, render: 9ms)
prisma:query INSERT INTO `main`.`User` (`id`, `email`, `displayName`, `userType`, `walletAddress`, `privyId`, `usdcBalance`, `creatorTier`, `createdAt`, `updatedAt`) VALUES (?,?,?,?,?,?,?,?,?,?) ON CONFLICT  (`privyId`) DO UPDATE SET `email` = ?, `displayName` = ?, `walletAddress` = ?, `updatedAt` = ? WHERE (`main`.`User`.`privyId` = ? AND 1=1) RETURNING `id` AS `id`, `email` AS `email`, `displayName` AS `displayName`, `avatarUrl` AS `avatarUrl`, `userType` AS `userType`, `walletAddress` AS `walletAddress`, `privyId` AS `privyId`, `usdcBalance` AS `usdcBalance`, `creatorTier` AS `creatorTier`, `createdAt` AS `createdAt`, `updatedAt` AS `updatedAt`
 POST /api/auth/sync 200 in 10ms (compile: 4ms, render: 6ms)
prisma:query INSERT INTO `main`.`User` (`id`, `email`, `displayName`, `userType`, `walletAddress`, `privyId`, `usdcBalance`, `creatorTier`, `createdAt`, `updatedAt`) VALUES (?,?,?,?,?,?,?,?,?,?) ON CONFLICT  (`privyId`) DO UPDATE SET `email` = ?, `displayName` = ?, `walletAddress` = ?, `updatedAt` = ? WHERE (`main`.`User`.`privyId` = ? AND 1=1) RETURNING `id` AS `id`, `email` AS `email`, `displayName` AS `displayName`, `avatarUrl` AS `avatarUrl`, `userType` AS `userType`, `walletAddress` AS `walletAddress`, `privyId` AS `privyId`, `usdcBalance` AS `usdcBalance`, `creatorTier` AS `creatorTier`, `createdAt` AS `createdAt`, `updatedAt` AS `updatedAt`
prisma:query INSERT INTO `main`.`User` (`id`, `email`, `displayName`, `userType`, `walletAddress`, `privyId`, `usdcBalance`, `creatorTier`, `createdAt`, `updatedAt`) VALUES (?,?,?,?,?,?,?,?,?,?) ON CONFLICT  (`privyId`) DO UPDATE SET `email` = ?, `displayName` = ?, `walletAddress` = ?, `updatedAt` = ? WHERE (`main`.`User`.`privyId` = ? AND 1=1) RETURNING `id` AS `id`, `email` AS `email`, `displayName` AS `displayName`, `avatarUrl` AS `avatarUrl`, `userType` AS `userType`, `walletAddress` AS `walletAddress`, `privyId` AS `privyId`, `usdcBalance` AS `usdcBalance`, `creatorTier` AS `creatorTier`, `createdAt` AS `createdAt`, `updatedAt` AS `updatedAt`
 POST /api/auth/sync 200 in 9ms (compile: 2ms, render: 6ms)
